<?xml version="1.0" encoding="UTF-8"?>
<coverage generated="1781625483331" clover="3.2.0">
  <project timestamp="1781625483331" name="All files">
    <metrics statements="81" coveredstatements="74" conditionals="87" coveredconditionals="69" methods="15" coveredmethods="13" elements="183" coveredelements="156" complexity="0" loc="81" ncloc="81" packages="2" files="3" classes="3"/>
    <package name="app.(tabs)">
      <metrics statements="79" coveredstatements="72" conditionals="87" coveredconditionals="69" methods="15" coveredmethods="13"/>
      <file name="recommendations.jsx" path="C:\Users\sajan\work\project-gamma\app\(tabs)\recommendations.jsx">
        <metrics statements="79" coveredstatements="72" conditionals="87" coveredconditionals="69" methods="15" coveredmethods="13"/>
        <line num="27" count="50" type="stmt"/>
        <line num="28" count="50" type="stmt"/>
        <line num="29" count="50" type="stmt"/>
        <line num="30" count="50" type="stmt"/>
        <line num="31" count="50" type="stmt"/>
        <line num="32" count="50" type="stmt"/>
        <line num="34" count="50" type="stmt"/>
        <line num="35" count="50" type="stmt"/>
        <line num="37" count="50" type="stmt"/>
        <line num="38" count="50" type="stmt"/>
        <line num="39" count="50" type="stmt"/>
        <line num="40" count="50" type="stmt"/>
        <line num="41" count="50" type="stmt"/>
        <line num="42" count="50" type="stmt"/>
        <line num="44" count="50" type="stmt"/>
        <line num="45" count="15" type="stmt"/>
        <line num="49" count="18" type="cond" truecount="4" falsecount="0"/>
        <line num="50" count="2" type="stmt"/>
        <line num="51" count="2" type="stmt"/>
        <line num="52" count="2" type="stmt"/>
        <line num="53" count="2" type="stmt"/>
        <line num="56" count="16" type="stmt"/>
        <line num="57" count="16" type="stmt"/>
        <line num="59" count="16" type="stmt"/>
        <line num="60" count="16" type="stmt"/>
        <line num="63" count="16" type="stmt"/>
        <line num="65" count="0" type="stmt"/>
        <line num="67" count="16" type="stmt"/>
        <line num="69" count="16" type="cond" truecount="4" falsecount="0"/>
        <line num="70" count="11" type="stmt"/>
        <line num="73" count="16" type="cond" truecount="1" falsecount="1"/>
        <line num="76" count="3" type="stmt"/>
        <line num="78" count="0" type="stmt"/>
        <line num="81" count="16" type="stmt"/>
        <line num="82" count="16" type="stmt"/>
        <line num="84" count="0" type="cond" truecount="0" falsecount="2"/>
        <line num="86" count="16" type="stmt"/>
        <line num="91" count="34" type="cond" truecount="2" falsecount="0"/>
        <line num="92" count="17" type="stmt"/>
        <line num="95" count="17" type="cond" truecount="2" falsecount="0"/>
        <line num="96" count="16" type="stmt"/>
        <line num="99" count="1" type="cond" truecount="1" falsecount="1"/>
        <line num="100" count="0" type="stmt"/>
        <line num="103" count="1" type="stmt"/>
        <line num="107" count="22" type="stmt"/>
        <line num="111" count="34" type="stmt"/>
        <line num="113" count="34" type="cond" truecount="2" falsecount="0"/>
        <line num="115" count="33" type="stmt"/>
        <line num="125" count="7" type="stmt"/>
        <line num="127" count="7" type="cond" truecount="2" falsecount="0"/>
        <line num="128" count="1" type="stmt"/>
        <line num="132" count="1" type="stmt"/>
        <line num="135" count="6" type="cond" truecount="2" falsecount="0"/>
        <line num="136" count="1" type="stmt"/>
        <line num="137" count="1" type="stmt"/>
        <line num="140" count="5" type="cond" truecount="2" falsecount="0"/>
        <line num="141" count="1" type="stmt"/>
        <line num="142" count="1" type="stmt"/>
        <line num="145" count="4" type="stmt"/>
        <line num="146" count="4" type="stmt"/>
        <line num="149" count="4" type="cond" truecount="1" falsecount="1"/>
        <line num="150" count="0" type="stmt"/>
        <line num="151" count="0" type="stmt"/>
        <line num="154" count="4" type="stmt"/>
        <line num="156" count="4" type="stmt"/>
        <line num="157" count="4" type="stmt"/>
        <line num="159" count="4" type="stmt"/>
        <line num="172" count="3" type="stmt"/>
        <line num="174" count="3" type="stmt"/>
        <line num="194" count="3" type="stmt"/>
        <line num="196" count="1" type="stmt"/>
        <line num="198" count="4" type="stmt"/>
        <line num="202" count="50" type="stmt"/>
        <line num="226" count="18" type="stmt"/>
        <line num="227" count="18" type="stmt"/>
        <line num="229" count="18" type="stmt"/>
        <line num="239" count="0" type="stmt"/>
        <line num="309" count="16" type="stmt"/>
        <line num="337" count="1" type="stmt"/>
      </file>
    </package>
    <package name="constants">
      <metrics statements="2" coveredstatements="2" conditionals="0" coveredconditionals="0" methods="0" coveredmethods="0"/>
      <file name="colours.js" path="C:\Users\sajan\work\project-gamma\constants\colours.js">
        <metrics statements="1" coveredstatements="1" conditionals="0" coveredconditionals="0" methods="0" coveredmethods="0"/>
        <line num="1" count="1" type="stmt"/>
      </file>
      <file name="theme.js" path="C:\Users\sajan\work\project-gamma\constants\theme.js">
        <metrics statements="1" coveredstatements="1" conditionals="0" coveredconditionals="0" methods="0" coveredmethods="0"/>
        <line num="4" count="1" type="stmt"/>
      </file>
    </package>
  </project>
</coverage>
