{"C:\\Users\\sajan\\work\\project-gamma\\services\\ai\\recommendationService.js": {"path":"C:\\Users\\sajan\\work\\project-gamma\\services\\ai\\recommendationService.js","statementMap":{"0":{"start":{"line":14,"column":2},"end":{"line":50,"column":2}},"1":{"start":{"line":54,"column":2},"end":{"line":56,"column":3}},"2":{"start":{"line":55,"column":4},"end":{"line":55,"column":50}},"3":{"start":{"line":58,"column":19},"end":{"line":77,"column":3}},"4":{"start":{"line":79,"column":15},"end":{"line":79,"column":36}},"5":{"start":{"line":81,"column":2},"end":{"line":85,"column":3}},"6":{"start":{"line":82,"column":4},"end":{"line":84,"column":6}},"7":{"start":{"line":87,"column":2},"end":{"line":90,"column":4}}},"fnMap":{"0":{"name":"buildPrompt","decl":{"start":{"line":4,"column":9},"end":{"line":4,"column":20}},"loc":{"start":{"line":13,"column":3},"end":{"line":51,"column":1}},"line":13},"1":{"name":"generateRecommendation","decl":{"start":{"line":53,"column":22},"end":{"line":53,"column":44}},"loc":{"start":{"line":53,"column":52},"end":{"line":91,"column":1}},"line":53}},"branchMap":{"0":{"loc":{"start":{"line":54,"column":2},"end":{"line":56,"column":3}},"type":"if","locations":[{"start":{"line":54,"column":2},"end":{"line":56,"column":3}},{"start":{},"end":{}}],"line":54},"1":{"loc":{"start":{"line":81,"column":2},"end":{"line":85,"column":3}},"type":"if","locations":[{"start":{"line":81,"column":2},"end":{"line":85,"column":3}},{"start":{},"end":{}}],"line":81},"2":{"loc":{"start":{"line":83,"column":6},"end":{"line":83,"column":66}},"type":"binary-expr","locations":[{"start":{"line":83,"column":6},"end":{"line":83,"column":26}},{"start":{"line":83,"column":30},"end":{"line":83,"column":66}}],"line":83},"3":{"loc":{"start":{"line":88,"column":4},"end":{"line":89,"column":38}},"type":"binary-expr","locations":[{"start":{"line":88,"column":4},"end":{"line":88,"column":52}},{"start":{"line":89,"column":4},"end":{"line":89,"column":38}}],"line":88}},"s":{"0":5,"1":6,"2":1,"3":5,"4":5,"5":5,"6":2,"7":3},"f":{"0":5,"1":6},"b":{"0":[1,5],"1":[2,3],"2":[2,1],"3":[3,1]},"_coverageSchema":"1a1c01bbd47fc00a2c39e90264f33305004495a9","hash":"48226a9a536fc521390e09bad404fdab827e30df"}
,"C:\\Users\\sajan\\work\\project-gamma\\services\\firebase\\auth.js": {"path":"C:\\Users\\sajan\\work\\project-gamma\\services\\firebase\\auth.js","statementMap":{"0":{"start":{"line":5,"column":2},"end":{"line":33,"column":3}},"1":{"start":{"line":6,"column":27},"end":{"line":9,"column":5}},"2":{"start":{"line":11,"column":17},"end":{"line":11,"column":36}},"3":{"start":{"line":13,"column":4},"end":{"line":19,"column":7}},"4":{"start":{"line":21,"column":4},"end":{"line":21,"column":40}},"5":{"start":{"line":23,"column":4},"end":{"line":32,"column":5}},"6":{"start":{"line":25,"column":8},"end":{"line":25,"column":65}},"7":{"start":{"line":27,"column":8},"end":{"line":27,"column":58}},"8":{"start":{"line":29,"column":8},"end":{"line":29,"column":67}},"9":{"start":{"line":31,"column":8},"end":{"line":31,"column":67}},"10":{"start":{"line":37,"column":2},"end":{"line":52,"column":3}},"11":{"start":{"line":38,"column":4},"end":{"line":38,"column":68}},"12":{"start":{"line":40,"column":4},"end":{"line":51,"column":5}},"13":{"start":{"line":42,"column":8},"end":{"line":42,"column":61}},"14":{"start":{"line":44,"column":8},"end":{"line":44,"column":47}},"15":{"start":{"line":46,"column":8},"end":{"line":46,"column":58}},"16":{"start":{"line":48,"column":8},"end":{"line":48,"column":70}},"17":{"start":{"line":50,"column":8},"end":{"line":50,"column":67}},"18":{"start":{"line":56,"column":2},"end":{"line":60,"column":3}},"19":{"start":{"line":57,"column":4},"end":{"line":57,"column":27}},"20":{"start":{"line":59,"column":4},"end":{"line":59,"column":60}}},"fnMap":{"0":{"name":"registerUser","decl":{"start":{"line":4,"column":22},"end":{"line":4,"column":34}},"loc":{"start":{"line":4,"column":52},"end":{"line":34,"column":1}},"line":4},"1":{"name":"loginUser","decl":{"start":{"line":36,"column":22},"end":{"line":36,"column":31}},"loc":{"start":{"line":36,"column":49},"end":{"line":53,"column":1}},"line":36},"2":{"name":"logoutUser","decl":{"start":{"line":55,"column":22},"end":{"line":55,"column":32}},"loc":{"start":{"line":55,"column":35},"end":{"line":61,"column":1}},"line":55}},"branchMap":{"0":{"loc":{"start":{"line":23,"column":4},"end":{"line":32,"column":5}},"type":"switch","locations":[{"start":{"line":24,"column":6},"end":{"line":25,"column":65}},{"start":{"line":26,"column":6},"end":{"line":27,"column":58}},{"start":{"line":28,"column":6},"end":{"line":29,"column":67}},{"start":{"line":30,"column":6},"end":{"line":31,"column":67}}],"line":23},"1":{"loc":{"start":{"line":40,"column":4},"end":{"line":51,"column":5}},"type":"switch","locations":[{"start":{"line":41,"column":6},"end":{"line":42,"column":61}},{"start":{"line":43,"column":6},"end":{"line":44,"column":47}},{"start":{"line":45,"column":6},"end":{"line":46,"column":58}},{"start":{"line":47,"column":6},"end":{"line":48,"column":70}},{"start":{"line":49,"column":6},"end":{"line":50,"column":67}}],"line":40}},"s":{"0":6,"1":6,"2":2,"3":2,"4":2,"5":4,"6":1,"7":1,"8":1,"9":1,"10":6,"11":6,"12":5,"13":1,"14":1,"15":1,"16":1,"17":1,"18":2,"19":2,"20":1},"f":{"0":6,"1":6,"2":2},"b":{"0":[1,1,1,1],"1":[1,1,1,1,1]},"_coverageSchema":"1a1c01bbd47fc00a2c39e90264f33305004495a9","hash":"6c29f46ad428259c3cc9e34b218542ab971c31d3"}
}
