{"C:\\Users\\sajan\\work\\project-gamma\\app\\add-farm.jsx": {"path":"C:\\Users\\sajan\\work\\project-gamma\\app\\add-farm.jsx","statementMap":{"0":{"start":{"line":11,"column":17},"end":{"line":11,"column":28}},"1":{"start":{"line":12,"column":19},"end":{"line":12,"column":35}},"2":{"start":{"line":13,"column":32},"end":{"line":13,"column":47}},"3":{"start":{"line":14,"column":22},"end":{"line":14,"column":38}},"4":{"start":{"line":16,"column":23},"end":{"line":32,"column":3}},"5":{"start":{"line":17,"column":4},"end":{"line":17,"column":21}},"6":{"start":{"line":18,"column":4},"end":{"line":31,"column":5}},"7":{"start":{"line":19,"column":6},"end":{"line":23,"column":9}},"8":{"start":{"line":24,"column":6},"end":{"line":24,"column":22}},"9":{"start":{"line":25,"column":6},"end":{"line":25,"column":57}},"10":{"start":{"line":26,"column":6},"end":{"line":26,"column":20}},"11":{"start":{"line":28,"column":6},"end":{"line":28,"column":48}},"12":{"start":{"line":30,"column":6},"end":{"line":30,"column":24}},"13":{"start":{"line":34,"column":2},"end":{"line":34,"column":67}}},"fnMap":{"0":{"name":"AddFarmScreen","decl":{"start":{"line":10,"column":24},"end":{"line":10,"column":37}},"loc":{"start":{"line":10,"column":40},"end":{"line":35,"column":1}},"line":10},"1":{"name":"(anonymous_1)","decl":{"start":{"line":16,"column":23},"end":{"line":16,"column":24}},"loc":{"start":{"line":16,"column":39},"end":{"line":32,"column":3}},"line":16}},"branchMap":{"0":{"loc":{"start":{"line":22,"column":14},"end":{"line":22,"column":82}},"type":"cond-expr","locations":[{"start":{"line":22,"column":26},"end":{"line":22,"column":75}},{"start":{"line":22,"column":78},"end":{"line":22,"column":82}}],"line":22}},"s":{"0":22,"1":22,"2":22,"3":22,"4":22,"5":10,"6":10,"7":10,"8":7,"9":7,"10":7,"11":3,"12":10,"13":22},"f":{"0":22,"1":10},"b":{"0":[9,1]},"_coverageSchema":"1a1c01bbd47fc00a2c39e90264f33305004495a9","hash":"1a12c47393f7fd397a18aa6d5f1aefe19b7d8416"}
,"C:\\Users\\sajan\\work\\project-gamma\\app\\(tabs)\\recommendations.jsx": {"path":"C:\\Users\\sajan\\work\\project-gamma\\app\\(tabs)\\recommendations.jsx","statementMap":{"0":{"start":{"line":27,"column":32},"end":{"line":27,"column":47}},"1":{"start":{"line":28,"column":40},"end":{"line":28,"column":55}},"2":{"start":{"line":29,"column":46},"end":{"line":29,"column":58}},"3":{"start":{"line":30,"column":42},"end":{"line":30,"column":54}},"4":{"start":{"line":31,"column":60},"end":{"line":31,"column":72}},"5":{"start":{"line":32,"column":32},"end":{"line":32,"column":44}},"6":{"start":{"line":34,"column":21},"end":{"line":34,"column":37}},"7":{"start":{"line":35,"column":19},"end":{"line":35,"column":35}},"8":{"start":{"line":37,"column":21},"end":{"line":37,"column":52}},"9":{"start":{"line":38,"column":15},"end":{"line":38,"column":40}},"10":{"start":{"line":39,"column":15},"end":{"line":39,"column":40}},"11":{"start":{"line":40,"column":20},"end":{"line":40,"column":50}},"12":{"start":{"line":41,"column":17},"end":{"line":41,"column":44}},"13":{"start":{"line":42,"column":18},"end":{"line":42,"column":46}},"14":{"start":{"line":44,"column":2},"end":{"line":46,"column":26}},"15":{"start":{"line":45,"column":4},"end":{"line":45,"column":29}},"16":{"start":{"line":49,"column":4},"end":{"line":54,"column":5}},"17":{"start":{"line":50,"column":6},"end":{"line":50,"column":26}},"18":{"start":{"line":51,"column":6},"end":{"line":51,"column":21}},"19":{"start":{"line":52,"column":6},"end":{"line":52,"column":35}},"20":{"start":{"line":53,"column":6},"end":{"line":53,"column":13}},"21":{"start":{"line":56,"column":4},"end":{"line":87,"column":5}},"22":{"start":{"line":57,"column":6},"end":{"line":57,"column":27}},"23":{"start":{"line":59,"column":33},"end":{"line":61,"column":7}},"24":{"start":{"line":60,"column":30},"end":{"line":60,"column":46}},"25":{"start":{"line":63,"column":31},"end":{"line":65,"column":56}},"26":{"start":{"line":65,"column":24},"end":{"line":65,"column":55}},"27":{"start":{"line":67,"column":6},"end":{"line":67,"column":40}},"28":{"start":{"line":69,"column":6},"end":{"line":71,"column":7}},"29":{"start":{"line":70,"column":8},"end":{"line":70,"column":57}},"30":{"start":{"line":73,"column":6},"end":{"line":79,"column":7}},"31":{"start":{"line":76,"column":41},"end":{"line":76,"column":74}},"32":{"start":{"line":78,"column":8},"end":{"line":78,"column":57}},"33":{"start":{"line":81,"column":36},"end":{"line":81,"column":70}},"34":{"start":{"line":82,"column":6},"end":{"line":82,"column":40}},"35":{"start":{"line":84,"column":6},"end":{"line":84,"column":79}},"36":{"start":{"line":86,"column":6},"end":{"line":86,"column":28}},"37":{"start":{"line":91,"column":4},"end":{"line":93,"column":5}},"38":{"start":{"line":92,"column":6},"end":{"line":92,"column":43}},"39":{"start":{"line":95,"column":4},"end":{"line":97,"column":5}},"40":{"start":{"line":96,"column":6},"end":{"line":96,"column":49}},"41":{"start":{"line":99,"column":4},"end":{"line":101,"column":5}},"42":{"start":{"line":100,"column":6},"end":{"line":100,"column":48}},"43":{"start":{"line":103,"column":4},"end":{"line":103,"column":13}},"44":{"start":{"line":107,"column":4},"end":{"line":107,"column":56}},"45":{"start":{"line":107,"column":34},"end":{"line":107,"column":54}},"46":{"start":{"line":111,"column":17},"end":{"line":111,"column":34}},"47":{"start":{"line":113,"column":4},"end":{"line":113,"column":37}},"48":{"start":{"line":113,"column":15},"end":{"line":113,"column":37}},"49":{"start":{"line":115,"column":4},"end":{"line":121,"column":7}},"50":{"start":{"line":125,"column":19},"end":{"line":125,"column":35}},"51":{"start":{"line":127,"column":4},"end":{"line":133,"column":5}},"52":{"start":{"line":128,"column":6},"end":{"line":131,"column":8}},"53":{"start":{"line":132,"column":6},"end":{"line":132,"column":13}},"54":{"start":{"line":135,"column":4},"end":{"line":138,"column":5}},"55":{"start":{"line":136,"column":6},"end":{"line":136,"column":64}},"56":{"start":{"line":137,"column":6},"end":{"line":137,"column":13}},"57":{"start":{"line":140,"column":4},"end":{"line":143,"column":5}},"58":{"start":{"line":141,"column":6},"end":{"line":141,"column":77}},"59":{"start":{"line":142,"column":6},"end":{"line":142,"column":13}},"60":{"start":{"line":145,"column":32},"end":{"line":147,"column":5}},"61":{"start":{"line":146,"column":16},"end":{"line":146,"column":49}},"62":{"start":{"line":149,"column":4},"end":{"line":152,"column":5}},"63":{"start":{"line":150,"column":6},"end":{"line":150,"column":74}},"64":{"start":{"line":151,"column":6},"end":{"line":151,"column":13}},"65":{"start":{"line":154,"column":18},"end":{"line":154,"column":59}},"66":{"start":{"line":156,"column":4},"end":{"line":199,"column":5}},"67":{"start":{"line":157,"column":6},"end":{"line":157,"column":23}},"68":{"start":{"line":159,"column":21},"end":{"line":170,"column":8}},"69":{"start":{"line":172,"column":6},"end":{"line":172,"column":32}},"70":{"start":{"line":174,"column":6},"end":{"line":192,"column":9}},"71":{"start":{"line":194,"column":6},"end":{"line":194,"column":37}},"72":{"start":{"line":196,"column":6},"end":{"line":196,"column":70}},"73":{"start":{"line":198,"column":6},"end":{"line":198,"column":24}},"74":{"start":{"line":202,"column":2},"end":{"line":334,"column":4}},"75":{"start":{"line":226,"column":30},"end":{"line":226,"column":63}},"76":{"start":{"line":227,"column":33},"end":{"line":227,"column":73}},"77":{"start":{"line":229,"column":16},"end":{"line":277,"column":18}},"78":{"start":{"line":239,"column":35},"end":{"line":239,"column":75}},"79":{"start":{"line":309,"column":16},"end":{"line":327,"column":23}},"80":{"start":{"line":337,"column":15},"end":{"line":405,"column":2}}},"fnMap":{"0":{"name":"RecommendationsScreen","decl":{"start":{"line":26,"column":24},"end":{"line":26,"column":45}},"loc":{"start":{"line":26,"column":48},"end":{"line":335,"column":1}},"line":26},"1":{"name":"(anonymous_1)","decl":{"start":{"line":44,"column":12},"end":{"line":44,"column":13}},"loc":{"start":{"line":44,"column":18},"end":{"line":46,"column":3}},"line":44},"2":{"name":"loadRecommendationData","decl":{"start":{"line":48,"column":17},"end":{"line":48,"column":39}},"loc":{"start":{"line":48,"column":42},"end":{"line":88,"column":3}},"line":48},"3":{"name":"(anonymous_3)","decl":{"start":{"line":60,"column":19},"end":{"line":60,"column":20}},"loc":{"start":{"line":60,"column":30},"end":{"line":60,"column":46}},"line":60},"4":{"name":"(anonymous_4)","decl":{"start":{"line":65,"column":14},"end":{"line":65,"column":15}},"loc":{"start":{"line":65,"column":24},"end":{"line":65,"column":55}},"line":65},"5":{"name":"(anonymous_5)","decl":{"start":{"line":76,"column":31},"end":{"line":76,"column":32}},"loc":{"start":{"line":76,"column":41},"end":{"line":76,"column":74}},"line":76},"6":{"name":"getItemTime","decl":{"start":{"line":90,"column":11},"end":{"line":90,"column":22}},"loc":{"start":{"line":90,"column":29},"end":{"line":104,"column":3}},"line":90},"7":{"name":"getFieldById","decl":{"start":{"line":106,"column":11},"end":{"line":106,"column":23}},"loc":{"start":{"line":106,"column":33},"end":{"line":108,"column":3}},"line":106},"8":{"name":"(anonymous_8)","decl":{"start":{"line":107,"column":23},"end":{"line":107,"column":24}},"loc":{"start":{"line":107,"column":34},"end":{"line":107,"column":54}},"line":107},"9":{"name":"formatDate","decl":{"start":{"line":110,"column":11},"end":{"line":110,"column":21}},"loc":{"start":{"line":110,"column":28},"end":{"line":122,"column":3}},"line":110},"10":{"name":"handleGenerateRecommendation","decl":{"start":{"line":124,"column":17},"end":{"line":124,"column":45}},"loc":{"start":{"line":124,"column":48},"end":{"line":200,"column":3}},"line":124},"11":{"name":"(anonymous_11)","decl":{"start":{"line":146,"column":6},"end":{"line":146,"column":7}},"loc":{"start":{"line":146,"column":16},"end":{"line":146,"column":49}},"line":146},"12":{"name":"(anonymous_12)","decl":{"start":{"line":225,"column":31},"end":{"line":225,"column":32}},"loc":{"start":{"line":225,"column":48},"end":{"line":278,"column":15}},"line":225},"13":{"name":"(anonymous_13)","decl":{"start":{"line":239,"column":29},"end":{"line":239,"column":30}},"loc":{"start":{"line":239,"column":35},"end":{"line":239,"column":75}},"line":239},"14":{"name":"(anonymous_14)","decl":{"start":{"line":308,"column":26},"end":{"line":308,"column":27}},"loc":{"start":{"line":309,"column":16},"end":{"line":327,"column":23}},"line":309}},"branchMap":{"0":{"loc":{"start":{"line":49,"column":4},"end":{"line":54,"column":5}},"type":"if","locations":[{"start":{"line":49,"column":4},"end":{"line":54,"column":5}},{"start":{},"end":{}}],"line":49},"1":{"loc":{"start":{"line":49,"column":8},"end":{"line":49,"column":36}},"type":"binary-expr","locations":[{"start":{"line":49,"column":8},"end":{"line":49,"column":22}},{"start":{"line":49,"column":26},"end":{"line":49,"column":36}}],"line":49},"2":{"loc":{"start":{"line":69,"column":6},"end":{"line":71,"column":7}},"type":"if","locations":[{"start":{"line":69,"column":6},"end":{"line":71,"column":7}},{"start":{},"end":{}}],"line":69},"3":{"loc":{"start":{"line":69,"column":10},"end":{"line":69,"column":59}},"type":"binary-expr","locations":[{"start":{"line":69,"column":10},"end":{"line":69,"column":33}},{"start":{"line":69,"column":37},"end":{"line":69,"column":59}}],"line":69},"4":{"loc":{"start":{"line":73,"column":6},"end":{"line":79,"column":7}},"type":"if","locations":[{"start":{"line":73,"column":6},"end":{"line":79,"column":7}},{"start":{},"end":{}}],"line":73},"5":{"loc":{"start":{"line":74,"column":8},"end":{"line":76,"column":75}},"type":"binary-expr","locations":[{"start":{"line":74,"column":8},"end":{"line":74,"column":31}},{"start":{"line":75,"column":8},"end":{"line":75,"column":29}},{"start":{"line":76,"column":8},"end":{"line":76,"column":75}}],"line":74},"6":{"loc":{"start":{"line":84,"column":27},"end":{"line":84,"column":77}},"type":"binary-expr","locations":[{"start":{"line":84,"column":27},"end":{"line":84,"column":40}},{"start":{"line":84,"column":44},"end":{"line":84,"column":77}}],"line":84},"7":{"loc":{"start":{"line":91,"column":4},"end":{"line":93,"column":5}},"type":"if","locations":[{"start":{"line":91,"column":4},"end":{"line":93,"column":5}},{"start":{},"end":{}}],"line":91},"8":{"loc":{"start":{"line":95,"column":4},"end":{"line":97,"column":5}},"type":"if","locations":[{"start":{"line":95,"column":4},"end":{"line":97,"column":5}},{"start":{},"end":{}}],"line":95},"9":{"loc":{"start":{"line":99,"column":4},"end":{"line":101,"column":5}},"type":"if","locations":[{"start":{"line":99,"column":4},"end":{"line":101,"column":5}},{"start":{},"end":{}}],"line":99},"10":{"loc":{"start":{"line":113,"column":4},"end":{"line":113,"column":37}},"type":"if","locations":[{"start":{"line":113,"column":4},"end":{"line":113,"column":37}},{"start":{},"end":{}}],"line":113},"11":{"loc":{"start":{"line":127,"column":4},"end":{"line":133,"column":5}},"type":"if","locations":[{"start":{"line":127,"column":4},"end":{"line":133,"column":5}},{"start":{},"end":{}}],"line":127},"12":{"loc":{"start":{"line":135,"column":4},"end":{"line":138,"column":5}},"type":"if","locations":[{"start":{"line":135,"column":4},"end":{"line":138,"column":5}},{"start":{},"end":{}}],"line":135},"13":{"loc":{"start":{"line":140,"column":4},"end":{"line":143,"column":5}},"type":"if","locations":[{"start":{"line":140,"column":4},"end":{"line":143,"column":5}},{"start":{},"end":{}}],"line":140},"14":{"loc":{"start":{"line":149,"column":4},"end":{"line":152,"column":5}},"type":"if","locations":[{"start":{"line":149,"column":4},"end":{"line":152,"column":5}},{"start":{},"end":{}}],"line":149},"15":{"loc":{"start":{"line":165,"column":10},"end":{"line":166,"column":43}},"type":"binary-expr","locations":[{"start":{"line":165,"column":10},"end":{"line":165,"column":45}},{"start":{"line":166,"column":10},"end":{"line":166,"column":43}}],"line":165},"16":{"loc":{"start":{"line":168,"column":21},"end":{"line":168,"column":74}},"type":"binary-expr","locations":[{"start":{"line":168,"column":21},"end":{"line":168,"column":52}},{"start":{"line":168,"column":56},"end":{"line":168,"column":74}}],"line":168},"17":{"loc":{"start":{"line":169,"column":18},"end":{"line":169,"column":65}},"type":"binary-expr","locations":[{"start":{"line":169,"column":18},"end":{"line":169,"column":46}},{"start":{"line":169,"column":50},"end":{"line":169,"column":65}}],"line":169},"18":{"loc":{"start":{"line":176,"column":17},"end":{"line":176,"column":57}},"type":"binary-expr","locations":[{"start":{"line":176,"column":17},"end":{"line":176,"column":26}},{"start":{"line":176,"column":30},"end":{"line":176,"column":57}}],"line":176},"19":{"loc":{"start":{"line":177,"column":19},"end":{"line":177,"column":36}},"type":"binary-expr","locations":[{"start":{"line":177,"column":19},"end":{"line":177,"column":30}},{"start":{"line":177,"column":34},"end":{"line":177,"column":36}}],"line":177},"20":{"loc":{"start":{"line":181,"column":21},"end":{"line":181,"column":38}},"type":"binary-expr","locations":[{"start":{"line":181,"column":21},"end":{"line":181,"column":32}},{"start":{"line":181,"column":36},"end":{"line":181,"column":38}}],"line":181},"21":{"loc":{"start":{"line":182,"column":20},"end":{"line":182,"column":41}},"type":"binary-expr","locations":[{"start":{"line":182,"column":20},"end":{"line":182,"column":35}},{"start":{"line":182,"column":39},"end":{"line":182,"column":41}}],"line":182},"22":{"loc":{"start":{"line":183,"column":23},"end":{"line":183,"column":60}},"type":"binary-expr","locations":[{"start":{"line":183,"column":23},"end":{"line":183,"column":54}},{"start":{"line":183,"column":58},"end":{"line":183,"column":60}}],"line":183},"23":{"loc":{"start":{"line":184,"column":24},"end":{"line":184,"column":62}},"type":"binary-expr","locations":[{"start":{"line":184,"column":24},"end":{"line":184,"column":56}},{"start":{"line":184,"column":60},"end":{"line":184,"column":62}}],"line":184},"24":{"loc":{"start":{"line":185,"column":27},"end":{"line":185,"column":68}},"type":"binary-expr","locations":[{"start":{"line":185,"column":27},"end":{"line":185,"column":62}},{"start":{"line":185,"column":66},"end":{"line":185,"column":68}}],"line":185},"25":{"loc":{"start":{"line":186,"column":25},"end":{"line":186,"column":64}},"type":"binary-expr","locations":[{"start":{"line":186,"column":25},"end":{"line":186,"column":58}},{"start":{"line":186,"column":62},"end":{"line":186,"column":64}}],"line":186},"26":{"loc":{"start":{"line":187,"column":17},"end":{"line":187,"column":48}},"type":"binary-expr","locations":[{"start":{"line":187,"column":17},"end":{"line":187,"column":42}},{"start":{"line":187,"column":46},"end":{"line":187,"column":48}}],"line":187},"27":{"loc":{"start":{"line":189,"column":12},"end":{"line":189,"column":73}},"type":"binary-expr","locations":[{"start":{"line":189,"column":12},"end":{"line":189,"column":43}},{"start":{"line":189,"column":47},"end":{"line":189,"column":65}},{"start":{"line":189,"column":69},"end":{"line":189,"column":73}}],"line":189},"28":{"loc":{"start":{"line":190,"column":20},"end":{"line":190,"column":75}},"type":"binary-expr","locations":[{"start":{"line":190,"column":20},"end":{"line":190,"column":48}},{"start":{"line":190,"column":52},"end":{"line":190,"column":67}},{"start":{"line":190,"column":71},"end":{"line":190,"column":75}}],"line":190},"29":{"loc":{"start":{"line":212,"column":9},"end":{"line":331,"column":9}},"type":"cond-expr","locations":[{"start":{"line":213,"column":10},"end":{"line":213,"column":47}},{"start":{"line":215,"column":10},"end":{"line":330,"column":13}}],"line":212},"30":{"loc":{"start":{"line":220,"column":13},"end":{"line":279,"column":13}},"type":"cond-expr","locations":[{"start":{"line":221,"column":14},"end":{"line":223,"column":21}},{"start":{"line":225,"column":14},"end":{"line":278,"column":16}}],"line":220},"31":{"loc":{"start":{"line":236,"column":37},"end":{"line":236,"column":64}},"type":"cond-expr","locations":[{"start":{"line":236,"column":48},"end":{"line":236,"column":55}},{"start":{"line":236,"column":58},"end":{"line":236,"column":64}}],"line":236},"32":{"loc":{"start":{"line":242,"column":23},"end":{"line":242,"column":53}},"type":"binary-expr","locations":[{"start":{"line":242,"column":23},"end":{"line":242,"column":34}},{"start":{"line":242,"column":38},"end":{"line":242,"column":53}}],"line":242},"33":{"loc":{"start":{"line":250,"column":31},"end":{"line":250,"column":67}},"type":"binary-expr","locations":[{"start":{"line":250,"column":31},"end":{"line":250,"column":54}},{"start":{"line":250,"column":58},"end":{"line":250,"column":67}}],"line":250},"34":{"loc":{"start":{"line":253,"column":21},"end":{"line":257,"column":21}},"type":"binary-expr","locations":[{"start":{"line":253,"column":21},"end":{"line":253,"column":47}},{"start":{"line":254,"column":22},"end":{"line":256,"column":29}}],"line":253},"35":{"loc":{"start":{"line":259,"column":21},"end":{"line":263,"column":21}},"type":"binary-expr","locations":[{"start":{"line":259,"column":21},"end":{"line":259,"column":50}},{"start":{"line":260,"column":22},"end":{"line":262,"column":29}}],"line":259},"36":{"loc":{"start":{"line":265,"column":21},"end":{"line":269,"column":21}},"type":"binary-expr","locations":[{"start":{"line":265,"column":21},"end":{"line":265,"column":48}},{"start":{"line":266,"column":22},"end":{"line":268,"column":29}}],"line":265},"37":{"loc":{"start":{"line":271,"column":21},"end":{"line":275,"column":21}},"type":"binary-expr","locations":[{"start":{"line":271,"column":21},"end":{"line":271,"column":40}},{"start":{"line":272,"column":22},"end":{"line":274,"column":29}}],"line":271},"38":{"loc":{"start":{"line":285,"column":16},"end":{"line":285,"column":48}},"type":"binary-expr","locations":[{"start":{"line":285,"column":16},"end":{"line":285,"column":23}},{"start":{"line":285,"column":27},"end":{"line":285,"column":48}}],"line":285},"39":{"loc":{"start":{"line":290,"column":15},"end":{"line":294,"column":15}},"type":"cond-expr","locations":[{"start":{"line":291,"column":16},"end":{"line":291,"column":53}},{"start":{"line":293,"column":16},"end":{"line":293,"column":78}}],"line":290},"40":{"loc":{"start":{"line":303,"column":13},"end":{"line":329,"column":13}},"type":"cond-expr","locations":[{"start":{"line":304,"column":14},"end":{"line":306,"column":21}},{"start":{"line":308,"column":14},"end":{"line":328,"column":16}}],"line":303},"41":{"loc":{"start":{"line":317,"column":21},"end":{"line":317,"column":61}},"type":"binary-expr","locations":[{"start":{"line":317,"column":21},"end":{"line":317,"column":35}},{"start":{"line":317,"column":39},"end":{"line":317,"column":61}}],"line":317}},"s":{"0":50,"1":50,"2":50,"3":50,"4":50,"5":50,"6":50,"7":50,"8":50,"9":50,"10":50,"11":50,"12":50,"13":50,"14":50,"15":15,"16":18,"17":2,"18":2,"19":2,"20":2,"21":16,"22":16,"23":16,"24":16,"25":16,"26":0,"27":16,"28":16,"29":11,"30":16,"31":3,"32":0,"33":16,"34":16,"35":0,"36":16,"37":34,"38":17,"39":17,"40":16,"41":1,"42":0,"43":1,"44":22,"45":22,"46":34,"47":34,"48":1,"49":33,"50":7,"51":7,"52":1,"53":1,"54":6,"55":1,"56":1,"57":5,"58":1,"59":1,"60":4,"61":4,"62":4,"63":0,"64":0,"65":4,"66":4,"67":4,"68":4,"69":3,"70":3,"71":3,"72":1,"73":4,"74":50,"75":18,"76":18,"77":18,"78":0,"79":16,"80":1},"f":{"0":50,"1":15,"2":18,"3":16,"4":0,"5":3,"6":34,"7":22,"8":22,"9":34,"10":7,"11":4,"12":18,"13":0,"14":16},"b":{"0":[2,16],"1":[18,16],"2":[11,5],"3":[16,14],"4":[0,16],"5":[16,14,3],"6":[0,0],"7":[17,17],"8":[16,1],"9":[0,1],"10":[1,33],"11":[1,6],"12":[1,5],"13":[1,4],"14":[0,4],"15":[4,4],"16":[4,4],"17":[4,4],"18":[3,0],"19":[3,0],"20":[3,0],"21":[3,0],"22":[3,0],"23":[3,0],"24":[3,3],"25":[3,3],"26":[3,0],"27":[3,3,3],"28":[3,3,3],"29":[13,37],"30":[19,18],"31":[18,0],"32":[18,0],"33":[18,0],"34":[18,18],"35":[18,0],"36":[18,0],"37":[18,18],"38":[37,3],"39":[3,34],"40":[21,16],"41":[16,0]},"_coverageSchema":"1a1c01bbd47fc00a2c39e90264f33305004495a9","hash":"24d3831fcb53527f6d6b593a3a5790a040302c73"}
,"C:\\Users\\sajan\\work\\project-gamma\\components\\cards\\ObservationCard.jsx": {"path":"C:\\Users\\sajan\\work\\project-gamma\\components\\cards\\ObservationCard.jsx","statementMap":{"0":{"start":{"line":6,"column":21},"end":{"line":11,"column":1}},"1":{"start":{"line":14,"column":15},"end":{"line":14,"column":69}},"2":{"start":{"line":16,"column":2},"end":{"line":46,"column":4}},"3":{"start":{"line":49,"column":15},"end":{"line":93,"column":2}}},"fnMap":{"0":{"name":"ObservationCard","decl":{"start":{"line":13,"column":16},"end":{"line":13,"column":31}},"loc":{"start":{"line":13,"column":70},"end":{"line":47,"column":1}},"line":13}},"branchMap":{"0":{"loc":{"start":{"line":14,"column":15},"end":{"line":14,"column":69}},"type":"binary-expr","locations":[{"start":{"line":14,"column":15},"end":{"line":14,"column":52}},{"start":{"line":14,"column":56},"end":{"line":14,"column":69}}],"line":14},"1":{"loc":{"start":{"line":22,"column":9},"end":{"line":24,"column":9}},"type":"binary-expr","locations":[{"start":{"line":22,"column":9},"end":{"line":22,"column":20}},{"start":{"line":23,"column":10},"end":{"line":23,"column":59}}],"line":22},"2":{"loc":{"start":{"line":25,"column":9},"end":{"line":27,"column":9}},"type":"binary-expr","locations":[{"start":{"line":25,"column":9},"end":{"line":25,"column":34}},{"start":{"line":26,"column":10},"end":{"line":26,"column":69}}],"line":25},"3":{"loc":{"start":{"line":28,"column":9},"end":{"line":30,"column":9}},"type":"binary-expr","locations":[{"start":{"line":28,"column":9},"end":{"line":28,"column":35}},{"start":{"line":29,"column":10},"end":{"line":29,"column":74}}],"line":28},"4":{"loc":{"start":{"line":31,"column":9},"end":{"line":33,"column":9}},"type":"binary-expr","locations":[{"start":{"line":31,"column":9},"end":{"line":31,"column":36}},{"start":{"line":32,"column":10},"end":{"line":32,"column":75}}],"line":31},"5":{"loc":{"start":{"line":34,"column":9},"end":{"line":38,"column":9}},"type":"binary-expr","locations":[{"start":{"line":34,"column":9},"end":{"line":34,"column":28}},{"start":{"line":35,"column":10},"end":{"line":37,"column":17}}],"line":34},"6":{"loc":{"start":{"line":40,"column":7},"end":{"line":44,"column":7}},"type":"binary-expr","locations":[{"start":{"line":40,"column":7},"end":{"line":40,"column":17}},{"start":{"line":41,"column":8},"end":{"line":43,"column":27}}],"line":40}},"s":{"0":1,"1":8,"2":8,"3":1},"f":{"0":8},"b":{"0":[8,0],"1":[8,7],"2":[8,8],"3":[8,7],"4":[8,8],"5":[8,8],"6":[8,1]},"_coverageSchema":"1a1c01bbd47fc00a2c39e90264f33305004495a9","hash":"2c8d6e6e4ffd059aa2033a29913109f80bb70ce2"}
,"C:\\Users\\sajan\\work\\project-gamma\\components\\forms\\ObservationForm.jsx": {"path":"C:\\Users\\sajan\\work\\project-gamma\\components\\forms\\ObservationForm.jsx","statementMap":{"0":{"start":{"line":15,"column":22},"end":{"line":15,"column":72}},"1":{"start":{"line":16,"column":21},"end":{"line":16,"column":78}},"2":{"start":{"line":17,"column":21},"end":{"line":17,"column":74}},"3":{"start":{"line":20,"column":2},"end":{"line":46,"column":4}},"4":{"start":{"line":27,"column":8},"end":{"line":43,"column":27}},"5":{"start":{"line":34,"column":25},"end":{"line":34,"column":38}},"6":{"start":{"line":50,"column":32},"end":{"line":50,"column":81}},"7":{"start":{"line":51,"column":40},"end":{"line":51,"column":52}},"8":{"start":{"line":52,"column":42},"end":{"line":52,"column":58}},"9":{"start":{"line":53,"column":44},"end":{"line":53,"column":56}},"10":{"start":{"line":54,"column":28},"end":{"line":54,"column":40}},"11":{"start":{"line":55,"column":30},"end":{"line":55,"column":42}},"12":{"start":{"line":57,"column":21},"end":{"line":57,"column":52}},"13":{"start":{"line":58,"column":15},"end":{"line":58,"column":40}},"14":{"start":{"line":59,"column":15},"end":{"line":59,"column":40}},"15":{"start":{"line":60,"column":20},"end":{"line":60,"column":50}},"16":{"start":{"line":61,"column":17},"end":{"line":61,"column":44}},"17":{"start":{"line":62,"column":18},"end":{"line":62,"column":46}},"18":{"start":{"line":63,"column":17},"end":{"line":63,"column":44}},"19":{"start":{"line":66,"column":14},"end":{"line":66,"column":16}},"20":{"start":{"line":67,"column":4},"end":{"line":67,"column":55}},"21":{"start":{"line":67,"column":18},"end":{"line":67,"column":55}},"22":{"start":{"line":68,"column":4},"end":{"line":68,"column":70}},"23":{"start":{"line":68,"column":22},"end":{"line":68,"column":70}},"24":{"start":{"line":69,"column":4},"end":{"line":69,"column":13}},"25":{"start":{"line":73,"column":14},"end":{"line":73,"column":24}},"26":{"start":{"line":74,"column":4},"end":{"line":77,"column":5}},"27":{"start":{"line":75,"column":6},"end":{"line":75,"column":19}},"28":{"start":{"line":76,"column":6},"end":{"line":76,"column":13}},"29":{"start":{"line":78,"column":4},"end":{"line":85,"column":7}},"30":{"start":{"line":88,"column":2},"end":{"line":189,"column":4}},"31":{"start":{"line":100,"column":10},"end":{"line":119,"column":29}},"32":{"start":{"line":108,"column":14},"end":{"line":108,"column":31}},"33":{"start":{"line":109,"column":14},"end":{"line":109,"column":69}},"34":{"start":{"line":109,"column":35},"end":{"line":109,"column":66}},"35":{"start":{"line":131,"column":10},"end":{"line":131,"column":28}},"36":{"start":{"line":132,"column":10},"end":{"line":132,"column":69}},"37":{"start":{"line":132,"column":31},"end":{"line":132,"column":66}},"38":{"start":{"line":192,"column":15},"end":{"line":245,"column":2}}},"fnMap":{"0":{"name":"ChipRow","decl":{"start":{"line":19,"column":9},"end":{"line":19,"column":16}},"loc":{"start":{"line":19,"column":79},"end":{"line":47,"column":1}},"line":19},"1":{"name":"(anonymous_1)","decl":{"start":{"line":26,"column":19},"end":{"line":26,"column":20}},"loc":{"start":{"line":27,"column":8},"end":{"line":43,"column":27}},"line":27},"2":{"name":"(anonymous_2)","decl":{"start":{"line":34,"column":19},"end":{"line":34,"column":20}},"loc":{"start":{"line":34,"column":25},"end":{"line":34,"column":38}},"line":34},"3":{"name":"ObservationForm","decl":{"start":{"line":49,"column":16},"end":{"line":49,"column":31}},"loc":{"start":{"line":49,"column":63},"end":{"line":190,"column":1}},"line":49},"4":{"name":"validate","decl":{"start":{"line":65,"column":11},"end":{"line":65,"column":19}},"loc":{"start":{"line":65,"column":22},"end":{"line":70,"column":3}},"line":65},"5":{"name":"handleSubmit","decl":{"start":{"line":72,"column":11},"end":{"line":72,"column":23}},"loc":{"start":{"line":72,"column":26},"end":{"line":86,"column":3}},"line":72},"6":{"name":"(anonymous_6)","decl":{"start":{"line":99,"column":20},"end":{"line":99,"column":21}},"loc":{"start":{"line":100,"column":10},"end":{"line":119,"column":29}},"line":100},"7":{"name":"(anonymous_7)","decl":{"start":{"line":107,"column":21},"end":{"line":107,"column":22}},"loc":{"start":{"line":107,"column":27},"end":{"line":110,"column":13}},"line":107},"8":{"name":"(anonymous_8)","decl":{"start":{"line":109,"column":24},"end":{"line":109,"column":25}},"loc":{"start":{"line":109,"column":35},"end":{"line":109,"column":66}},"line":109},"9":{"name":"(anonymous_9)","decl":{"start":{"line":130,"column":18},"end":{"line":130,"column":19}},"loc":{"start":{"line":130,"column":25},"end":{"line":133,"column":9}},"line":130},"10":{"name":"(anonymous_10)","decl":{"start":{"line":132,"column":20},"end":{"line":132,"column":21}},"loc":{"start":{"line":132,"column":31},"end":{"line":132,"column":66}},"line":132}},"branchMap":{"0":{"loc":{"start":{"line":32,"column":12},"end":{"line":32,"column":82}},"type":"binary-expr","locations":[{"start":{"line":32,"column":12},"end":{"line":32,"column":28}},{"start":{"line":32,"column":32},"end":{"line":32,"column":82}}],"line":32},"1":{"loc":{"start":{"line":39,"column":12},"end":{"line":39,"column":55}},"type":"binary-expr","locations":[{"start":{"line":39,"column":12},"end":{"line":39,"column":28}},{"start":{"line":39,"column":32},"end":{"line":39,"column":55}}],"line":39},"2":{"loc":{"start":{"line":50,"column":41},"end":{"line":50,"column":80}},"type":"cond-expr","locations":[{"start":{"line":50,"column":63},"end":{"line":50,"column":75}},{"start":{"line":50,"column":78},"end":{"line":50,"column":80}}],"line":50},"3":{"loc":{"start":{"line":67,"column":4},"end":{"line":67,"column":55}},"type":"if","locations":[{"start":{"line":67,"column":4},"end":{"line":67,"column":55}},{"start":{},"end":{}}],"line":67},"4":{"loc":{"start":{"line":68,"column":4},"end":{"line":68,"column":70}},"type":"if","locations":[{"start":{"line":68,"column":4},"end":{"line":68,"column":70}},{"start":{},"end":{}}],"line":68},"5":{"loc":{"start":{"line":74,"column":4},"end":{"line":77,"column":5}},"type":"if","locations":[{"start":{"line":74,"column":4},"end":{"line":77,"column":5}},{"start":{},"end":{}}],"line":74},"6":{"loc":{"start":{"line":81,"column":20},"end":{"line":81,"column":63}},"type":"cond-expr","locations":[{"start":{"line":81,"column":46},"end":{"line":81,"column":48}},{"start":{"line":81,"column":51},"end":{"line":81,"column":63}}],"line":81},"7":{"loc":{"start":{"line":105,"column":14},"end":{"line":105,"column":84}},"type":"binary-expr","locations":[{"start":{"line":105,"column":14},"end":{"line":105,"column":30}},{"start":{"line":105,"column":34},"end":{"line":105,"column":84}}],"line":105},"8":{"loc":{"start":{"line":115,"column":14},"end":{"line":115,"column":57}},"type":"binary-expr","locations":[{"start":{"line":115,"column":14},"end":{"line":115,"column":30}},{"start":{"line":115,"column":34},"end":{"line":115,"column":57}}],"line":115},"9":{"loc":{"start":{"line":122,"column":7},"end":{"line":124,"column":7}},"type":"binary-expr","locations":[{"start":{"line":122,"column":7},"end":{"line":122,"column":23}},{"start":{"line":123,"column":8},"end":{"line":123,"column":79}}],"line":122},"10":{"loc":{"start":{"line":139,"column":7},"end":{"line":141,"column":7}},"type":"binary-expr","locations":[{"start":{"line":139,"column":7},"end":{"line":139,"column":27}},{"start":{"line":140,"column":8},"end":{"line":140,"column":83}}],"line":139},"11":{"loc":{"start":{"line":178,"column":61},"end":{"line":178,"column":93}},"type":"binary-expr","locations":[{"start":{"line":178,"column":61},"end":{"line":178,"column":68}},{"start":{"line":178,"column":72},"end":{"line":178,"column":93}}],"line":178},"12":{"loc":{"start":{"line":182,"column":9},"end":{"line":186,"column":9}},"type":"cond-expr","locations":[{"start":{"line":183,"column":10},"end":{"line":183,"column":44}},{"start":{"line":185,"column":10},"end":{"line":185,"column":65}}],"line":182}},"s":{"0":1,"1":1,"2":1,"3":39,"4":195,"5":2,"6":13,"7":13,"8":13,"9":13,"10":13,"11":13,"12":13,"13":13,"14":13,"15":13,"16":13,"17":13,"18":13,"19":4,"20":4,"21":1,"22":4,"23":2,"24":4,"25":4,"26":4,"27":2,"28":2,"29":2,"30":13,"31":24,"32":2,"33":2,"34":2,"35":2,"36":2,"37":2,"38":1},"f":{"0":39,"1":195,"2":2,"3":13,"4":4,"5":4,"6":24,"7":2,"8":2,"9":2,"10":2},"b":{"0":[195,15],"1":[195,15],"2":[2,11],"3":[1,3],"4":[2,2],"5":[2,2],"6":[2,0],"7":[24,6],"8":[24,6],"9":[13,1],"10":[13,2],"11":[13,1],"12":[1,12]},"_coverageSchema":"1a1c01bbd47fc00a2c39e90264f33305004495a9","hash":"956e799014e54180e2c07af24a083079fcabafb0"}
,"C:\\Users\\sajan\\work\\project-gamma\\constants\\api.js": {"path":"C:\\Users\\sajan\\work\\project-gamma\\constants\\api.js","statementMap":{"0":{"start":{"line":2,"column":2},"end":{"line":3,"column":28}},"1":{"start":{"line":6,"column":2},"end":{"line":7,"column":33}},"2":{"start":{"line":10,"column":2},"end":{"line":11,"column":43}},"3":{"start":{"line":14,"column":2},"end":{"line":14,"column":54}},"4":{"start":{"line":17,"column":2},"end":{"line":17,"column":46}},"5":{"start":{"line":20,"column":2},"end":{"line":21,"column":20}}},"fnMap":{},"branchMap":{"0":{"loc":{"start":{"line":2,"column":2},"end":{"line":3,"column":28}},"type":"binary-expr","locations":[{"start":{"line":2,"column":2},"end":{"line":2,"column":44}},{"start":{"line":3,"column":2},"end":{"line":3,"column":28}}],"line":2},"1":{"loc":{"start":{"line":6,"column":2},"end":{"line":7,"column":33}},"type":"binary-expr","locations":[{"start":{"line":6,"column":2},"end":{"line":6,"column":45}},{"start":{"line":7,"column":2},"end":{"line":7,"column":33}}],"line":6},"2":{"loc":{"start":{"line":10,"column":2},"end":{"line":11,"column":43}},"type":"binary-expr","locations":[{"start":{"line":10,"column":2},"end":{"line":10,"column":49}},{"start":{"line":11,"column":2},"end":{"line":11,"column":43}}],"line":10},"3":{"loc":{"start":{"line":14,"column":2},"end":{"line":14,"column":54}},"type":"binary-expr","locations":[{"start":{"line":14,"column":2},"end":{"line":14,"column":48}},{"start":{"line":14,"column":52},"end":{"line":14,"column":54}}],"line":14},"4":{"loc":{"start":{"line":17,"column":2},"end":{"line":17,"column":46}},"type":"binary-expr","locations":[{"start":{"line":17,"column":2},"end":{"line":17,"column":40}},{"start":{"line":17,"column":44},"end":{"line":17,"column":46}}],"line":17},"5":{"loc":{"start":{"line":20,"column":2},"end":{"line":21,"column":20}},"type":"binary-expr","locations":[{"start":{"line":20,"column":2},"end":{"line":20,"column":38}},{"start":{"line":21,"column":2},"end":{"line":21,"column":20}}],"line":20}},"s":{"0":1,"1":1,"2":1,"3":1,"4":1,"5":1},"f":{},"b":{"0":[1,1],"1":[1,1],"2":[1,1],"3":[1,1],"4":[1,1],"5":[1,1]},"_coverageSchema":"1a1c01bbd47fc00a2c39e90264f33305004495a9","hash":"c00568e5f9222085638a580663f48a4cb8fe78d2"}
,"C:\\Users\\sajan\\work\\project-gamma\\constants\\colours.js": {"path":"C:\\Users\\sajan\\work\\project-gamma\\constants\\colours.js","statementMap":{"0":{"start":{"line":1,"column":23},"end":{"line":28,"column":1}}},"fnMap":{},"branchMap":{},"s":{"0":2},"f":{},"b":{},"_coverageSchema":"1a1c01bbd47fc00a2c39e90264f33305004495a9","hash":"64674db283d29b47b623588afa111346c35bab97"}
,"C:\\Users\\sajan\\work\\project-gamma\\constants\\theme.js": {"path":"C:\\Users\\sajan\\work\\project-gamma\\constants\\theme.js","statementMap":{"0":{"start":{"line":4,"column":21},"end":{"line":27,"column":1}}},"fnMap":{},"branchMap":{},"s":{"0":2},"f":{},"b":{},"_coverageSchema":"1a1c01bbd47fc00a2c39e90264f33305004495a9","hash":"47dd4eb0fc53b8e2ae3f6c307f079779e9185480"}
,"C:\\Users\\sajan\\work\\project-gamma\\context\\ThemeContext.jsx": {"path":"C:\\Users\\sajan\\work\\project-gamma\\context\\ThemeContext.jsx","statementMap":{"0":{"start":{"line":4,"column":21},"end":{"line":4,"column":36}},"1":{"start":{"line":7,"column":25},"end":{"line":7,"column":41}},"2":{"start":{"line":8,"column":36},"end":{"line":8,"column":50}},"3":{"start":{"line":11,"column":4},"end":{"line":15,"column":5}},"4":{"start":{"line":12,"column":8},"end":{"line":12,"column":25}},"5":{"start":{"line":14,"column":8},"end":{"line":14,"column":40}},"6":{"start":{"line":18,"column":4},"end":{"line":22,"column":5}},"7":{"start":{"line":19,"column":8},"end":{"line":19,"column":28}},"8":{"start":{"line":21,"column":8},"end":{"line":21,"column":29}},"9":{"start":{"line":25,"column":8},"end":{"line":29,"column":10}},"10":{"start":{"line":26,"column":12},"end":{"line":27,"column":46}},"11":{"start":{"line":27,"column":16},"end":{"line":27,"column":46}},"12":{"start":{"line":28,"column":12},"end":{"line":28,"column":24}},"13":{"start":{"line":33,"column":8},"end":{"line":33,"column":25}},"14":{"start":{"line":36,"column":4},"end":{"line":38,"column":5}},"15":{"start":{"line":42,"column":20},"end":{"line":42,"column":44}},"16":{"start":{"line":43,"column":4},"end":{"line":43,"column":79}},"17":{"start":{"line":43,"column":18},"end":{"line":43,"column":79}},"18":{"start":{"line":44,"column":8},"end":{"line":44,"column":22}}},"fnMap":{"0":{"name":"ThemeProvider","decl":{"start":{"line":6,"column":16},"end":{"line":6,"column":29}},"loc":{"start":{"line":6,"column":41},"end":{"line":39,"column":1}},"line":6},"1":{"name":"toggleTheme","decl":{"start":{"line":24,"column":13},"end":{"line":24,"column":24}},"loc":{"start":{"line":24,"column":27},"end":{"line":30,"column":5}},"line":24},"2":{"name":"(anonymous_2)","decl":{"start":{"line":25,"column":20},"end":{"line":25,"column":21}},"loc":{"start":{"line":25,"column":28},"end":{"line":29,"column":9}},"line":25},"3":{"name":"resetToSystem","decl":{"start":{"line":32,"column":13},"end":{"line":32,"column":26}},"loc":{"start":{"line":32,"column":29},"end":{"line":34,"column":5}},"line":32},"4":{"name":"useTheme","decl":{"start":{"line":41,"column":16},"end":{"line":41,"column":24}},"loc":{"start":{"line":41,"column":26},"end":{"line":45,"column":1}},"line":41}},"branchMap":{"0":{"loc":{"start":{"line":11,"column":4},"end":{"line":15,"column":5}},"type":"if","locations":[{"start":{"line":11,"column":4},"end":{"line":15,"column":5}},{"start":{"line":13,"column":11},"end":{"line":15,"column":5}}],"line":11},"1":{"loc":{"start":{"line":18,"column":4},"end":{"line":22,"column":5}},"type":"if","locations":[{"start":{"line":18,"column":4},"end":{"line":22,"column":5}},{"start":{"line":20,"column":11},"end":{"line":22,"column":5}}],"line":18},"2":{"loc":{"start":{"line":26,"column":12},"end":{"line":27,"column":46}},"type":"if","locations":[{"start":{"line":26,"column":12},"end":{"line":27,"column":46}},{"start":{},"end":{}}],"line":26},"3":{"loc":{"start":{"line":43,"column":4},"end":{"line":43,"column":79}},"type":"if","locations":[{"start":{"line":43,"column":4},"end":{"line":43,"column":79}},{"start":{},"end":{}}],"line":43}},"s":{"0":1,"1":7,"2":7,"3":7,"4":0,"5":7,"6":7,"7":0,"8":7,"9":0,"10":0,"11":0,"12":0,"13":0,"14":7,"15":91,"16":91,"17":0,"18":91},"f":{"0":7,"1":0,"2":0,"3":0,"4":91},"b":{"0":[0,7],"1":[0,7],"2":[0,0],"3":[0,91]},"_coverageSchema":"1a1c01bbd47fc00a2c39e90264f33305004495a9","hash":"3819eb79947786228d4641e85bb1d521e9c0b9c7"}
,"C:\\Users\\sajan\\work\\project-gamma\\hooks\\useColorScheme.js": {"path":"C:\\Users\\sajan\\work\\project-gamma\\hooks\\useColorScheme.js","statementMap":{},"fnMap":{},"branchMap":{},"s":{},"f":{},"b":{},"_coverageSchema":"1a1c01bbd47fc00a2c39e90264f33305004495a9","hash":"4d6886d40a21352158429e603b944ea79656282d"}
,"C:\\Users\\sajan\\work\\project-gamma\\hooks\\useThemeColor.js": {"path":"C:\\Users\\sajan\\work\\project-gamma\\hooks\\useThemeColor.js","statementMap":{"0":{"start":{"line":5,"column":24},"end":{"line":5,"column":34}},"1":{"start":{"line":7,"column":25},"end":{"line":7,"column":43}},"2":{"start":{"line":9,"column":2},"end":{"line":11,"column":3}},"3":{"start":{"line":10,"column":4},"end":{"line":10,"column":26}},"4":{"start":{"line":13,"column":2},"end":{"line":13,"column":41}}},"fnMap":{"0":{"name":"useThemeColor","decl":{"start":{"line":4,"column":16},"end":{"line":4,"column":29}},"loc":{"start":{"line":4,"column":53},"end":{"line":14,"column":1}},"line":4}},"branchMap":{"0":{"loc":{"start":{"line":4,"column":30},"end":{"line":4,"column":40}},"type":"default-arg","locations":[{"start":{"line":4,"column":38},"end":{"line":4,"column":40}}],"line":4},"1":{"loc":{"start":{"line":9,"column":2},"end":{"line":11,"column":3}},"type":"if","locations":[{"start":{"line":9,"column":2},"end":{"line":11,"column":3}},{"start":{},"end":{}}],"line":9}},"s":{"0":91,"1":91,"2":91,"3":0,"4":91},"f":{"0":91},"b":{"0":[0],"1":[0,91]},"_coverageSchema":"1a1c01bbd47fc00a2c39e90264f33305004495a9","hash":"1b857616e886b03ea569b6efe252b030ecb633c3"}
,"C:\\Users\\sajan\\work\\project-gamma\\services\\ai\\recommendationService.js": {"path":"C:\\Users\\sajan\\work\\project-gamma\\services\\ai\\recommendationService.js","statementMap":{"0":{"start":{"line":14,"column":2},"end":{"line":50,"column":2}},"1":{"start":{"line":54,"column":2},"end":{"line":56,"column":3}},"2":{"start":{"line":55,"column":4},"end":{"line":55,"column":50}},"3":{"start":{"line":58,"column":19},"end":{"line":77,"column":3}},"4":{"start":{"line":79,"column":15},"end":{"line":79,"column":36}},"5":{"start":{"line":81,"column":2},"end":{"line":85,"column":3}},"6":{"start":{"line":82,"column":4},"end":{"line":84,"column":6}},"7":{"start":{"line":87,"column":2},"end":{"line":90,"column":4}}},"fnMap":{"0":{"name":"buildPrompt","decl":{"start":{"line":4,"column":9},"end":{"line":4,"column":20}},"loc":{"start":{"line":13,"column":3},"end":{"line":51,"column":1}},"line":13},"1":{"name":"generateRecommendation","decl":{"start":{"line":53,"column":22},"end":{"line":53,"column":44}},"loc":{"start":{"line":53,"column":52},"end":{"line":91,"column":1}},"line":53}},"branchMap":{"0":{"loc":{"start":{"line":54,"column":2},"end":{"line":56,"column":3}},"type":"if","locations":[{"start":{"line":54,"column":2},"end":{"line":56,"column":3}},{"start":{},"end":{}}],"line":54},"1":{"loc":{"start":{"line":81,"column":2},"end":{"line":85,"column":3}},"type":"if","locations":[{"start":{"line":81,"column":2},"end":{"line":85,"column":3}},{"start":{},"end":{}}],"line":81},"2":{"loc":{"start":{"line":83,"column":6},"end":{"line":83,"column":66}},"type":"binary-expr","locations":[{"start":{"line":83,"column":6},"end":{"line":83,"column":26}},{"start":{"line":83,"column":30},"end":{"line":83,"column":66}}],"line":83},"3":{"loc":{"start":{"line":88,"column":4},"end":{"line":89,"column":38}},"type":"binary-expr","locations":[{"start":{"line":88,"column":4},"end":{"line":88,"column":52}},{"start":{"line":89,"column":4},"end":{"line":89,"column":38}}],"line":88}},"s":{"0":5,"1":6,"2":1,"3":5,"4":5,"5":5,"6":2,"7":3},"f":{"0":5,"1":6},"b":{"0":[1,5],"1":[2,3],"2":[2,1],"3":[3,1]},"_coverageSchema":"1a1c01bbd47fc00a2c39e90264f33305004495a9","hash":"48226a9a536fc521390e09bad404fdab827e30df"}
,"C:\\Users\\sajan\\work\\project-gamma\\services\\external\\agroMonitoringService.js": {"path":"C:\\Users\\sajan\\work\\project-gamma\\services\\external\\agroMonitoringService.js","statementMap":{"0":{"start":{"line":7,"column":2},"end":{"line":75,"column":3}},"1":{"start":{"line":8,"column":4},"end":{"line":11,"column":5}},"2":{"start":{"line":9,"column":6},"end":{"line":9,"column":52}},"3":{"start":{"line":10,"column":6},"end":{"line":10,"column":18}},"4":{"start":{"line":13,"column":19},"end":{"line":13,"column":24}},"5":{"start":{"line":15,"column":20},"end":{"line":33,"column":5}},"6":{"start":{"line":35,"column":21},"end":{"line":44,"column":5}},"7":{"start":{"line":46,"column":17},"end":{"line":46,"column":38}},"8":{"start":{"line":48,"column":4},"end":{"line":63,"column":5}},"9":{"start":{"line":49,"column":6},"end":{"line":59,"column":7}},"10":{"start":{"line":50,"column":22},"end":{"line":50,"column":53}},"11":{"start":{"line":51,"column":26},"end":{"line":51,"column":49}},"12":{"start":{"line":53,"column":8},"end":{"line":58,"column":10}},"13":{"start":{"line":61,"column":6},"end":{"line":61,"column":49}},"14":{"start":{"line":62,"column":6},"end":{"line":62,"column":18}},"15":{"start":{"line":65,"column":4},"end":{"line":71,"column":6}},"16":{"start":{"line":73,"column":4},"end":{"line":73,"column":57}},"17":{"start":{"line":74,"column":4},"end":{"line":74,"column":16}}},"fnMap":{"0":{"name":"createAgroPolygon","decl":{"start":{"line":6,"column":22},"end":{"line":6,"column":39}},"loc":{"start":{"line":6,"column":72},"end":{"line":76,"column":1}},"line":6}},"branchMap":{"0":{"loc":{"start":{"line":8,"column":4},"end":{"line":11,"column":5}},"type":"if","locations":[{"start":{"line":8,"column":4},"end":{"line":11,"column":5}},{"start":{},"end":{}}],"line":8},"1":{"loc":{"start":{"line":48,"column":4},"end":{"line":63,"column":5}},"type":"if","locations":[{"start":{"line":48,"column":4},"end":{"line":63,"column":5}},{"start":{},"end":{}}],"line":48},"2":{"loc":{"start":{"line":49,"column":6},"end":{"line":59,"column":7}},"type":"if","locations":[{"start":{"line":49,"column":6},"end":{"line":59,"column":7}},{"start":{},"end":{}}],"line":49},"3":{"loc":{"start":{"line":51,"column":26},"end":{"line":51,"column":49}},"type":"cond-expr","locations":[{"start":{"line":51,"column":34},"end":{"line":51,"column":42}},{"start":{"line":51,"column":45},"end":{"line":51,"column":49}}],"line":51}},"s":{"0":2,"1":2,"2":2,"3":2,"4":0,"5":0,"6":0,"7":0,"8":0,"9":0,"10":0,"11":0,"12":0,"13":0,"14":0,"15":0,"16":0,"17":0},"f":{"0":2},"b":{"0":[2,0],"1":[0,0],"2":[0,0],"3":[0,0]},"_coverageSchema":"1a1c01bbd47fc00a2c39e90264f33305004495a9","hash":"8770b30c83afb86cf734f5122838e436154b87f3"}
,"C:\\Users\\sajan\\work\\project-gamma\\services\\external\\coordinateService.js": {"path":"C:\\Users\\sajan\\work\\project-gamma\\services\\external\\coordinateService.js","statementMap":{"0":{"start":{"line":5,"column":2},"end":{"line":7,"column":3}},"1":{"start":{"line":6,"column":4},"end":{"line":6,"column":57}},"2":{"start":{"line":9,"column":28},"end":{"line":9,"column":71}},"3":{"start":{"line":11,"column":19},"end":{"line":13,"column":3}},"4":{"start":{"line":15,"column":15},"end":{"line":15,"column":36}},"5":{"start":{"line":17,"column":2},"end":{"line":19,"column":3}},"6":{"start":{"line":18,"column":4},"end":{"line":18,"column":53}},"7":{"start":{"line":21,"column":2},"end":{"line":26,"column":4}}},"fnMap":{"0":{"name":"getCoordinatesFromPostcode","decl":{"start":{"line":4,"column":22},"end":{"line":4,"column":48}},"loc":{"start":{"line":4,"column":59},"end":{"line":27,"column":1}},"line":4}},"branchMap":{"0":{"loc":{"start":{"line":5,"column":2},"end":{"line":7,"column":3}},"type":"if","locations":[{"start":{"line":5,"column":2},"end":{"line":7,"column":3}},{"start":{},"end":{}}],"line":5},"1":{"loc":{"start":{"line":17,"column":2},"end":{"line":19,"column":3}},"type":"if","locations":[{"start":{"line":17,"column":2},"end":{"line":19,"column":3}},{"start":{},"end":{}}],"line":17},"2":{"loc":{"start":{"line":17,"column":6},"end":{"line":17,"column":34}},"type":"binary-expr","locations":[{"start":{"line":17,"column":6},"end":{"line":17,"column":18}},{"start":{"line":17,"column":22},"end":{"line":17,"column":34}}],"line":17},"3":{"loc":{"start":{"line":25,"column":14},"end":{"line":25,"column":75}},"type":"binary-expr","locations":[{"start":{"line":25,"column":14},"end":{"line":25,"column":40}},{"start":{"line":25,"column":44},"end":{"line":25,"column":62}},{"start":{"line":25,"column":66},"end":{"line":25,"column":75}}],"line":25}},"s":{"0":6,"1":1,"2":5,"3":5,"4":5,"5":5,"6":2,"7":3},"f":{"0":6},"b":{"0":[1,5],"1":[2,3],"2":[5,4],"3":[3,1,0]},"_coverageSchema":"1a1c01bbd47fc00a2c39e90264f33305004495a9","hash":"c8954cd3ae5071d52d4824b5482c70813c33e642"}
,"C:\\Users\\sajan\\work\\project-gamma\\services\\external\\soilService.js": {"path":"C:\\Users\\sajan\\work\\project-gamma\\services\\external\\soilService.js","statementMap":{"0":{"start":{"line":4,"column":22},"end":{"line":4,"column":63}},"1":{"start":{"line":6,"column":2},"end":{"line":10,"column":4}}},"fnMap":{"0":{"name":"getSoilData","decl":{"start":{"line":3,"column":22},"end":{"line":3,"column":33}},"loc":{"start":{"line":3,"column":70},"end":{"line":11,"column":1}},"line":3}},"branchMap":{"0":{"loc":{"start":{"line":3,"column":55},"end":{"line":3,"column":68}},"type":"default-arg","locations":[{"start":{"line":3,"column":66},"end":{"line":3,"column":68}}],"line":3}},"s":{"0":3,"1":3},"f":{"0":3},"b":{"0":[1]},"_coverageSchema":"1a1c01bbd47fc00a2c39e90264f33305004495a9","hash":"daf2cae02e0f72022895a7564f274f9f9a50bd79"}
,"C:\\Users\\sajan\\work\\project-gamma\\services\\external\\weatherService.js": {"path":"C:\\Users\\sajan\\work\\project-gamma\\services\\external\\weatherService.js","statementMap":{"0":{"start":{"line":4,"column":20},"end":{"line":11,"column":13}},"1":{"start":{"line":14,"column":4},"end":{"line":19,"column":22}},"2":{"start":{"line":21,"column":19},"end":{"line":21,"column":35}},"3":{"start":{"line":23,"column":2},"end":{"line":25,"column":3}},"4":{"start":{"line":24,"column":4},"end":{"line":24,"column":53}},"5":{"start":{"line":27,"column":15},"end":{"line":27,"column":36}},"6":{"start":{"line":28,"column":17},"end":{"line":28,"column":28}},"7":{"start":{"line":30,"column":2},"end":{"line":38,"column":4}}},"fnMap":{"0":{"name":"getWeatherData","decl":{"start":{"line":3,"column":22},"end":{"line":3,"column":36}},"loc":{"start":{"line":3,"column":58},"end":{"line":39,"column":1}},"line":3}},"branchMap":{"0":{"loc":{"start":{"line":23,"column":2},"end":{"line":25,"column":3}},"type":"if","locations":[{"start":{"line":23,"column":2},"end":{"line":25,"column":3}},{"start":{},"end":{}}],"line":23}},"s":{"0":5,"1":5,"2":5,"3":5,"4":1,"5":4,"6":4,"7":4},"f":{"0":5},"b":{"0":[1,4]},"_coverageSchema":"1a1c01bbd47fc00a2c39e90264f33305004495a9","hash":"291638f478ce77d650c88d0f905f38a91e9cb233"}
,"C:\\Users\\sajan\\work\\project-gamma\\services\\firebase\\auth.js": {"path":"C:\\Users\\sajan\\work\\project-gamma\\services\\firebase\\auth.js","statementMap":{"0":{"start":{"line":5,"column":2},"end":{"line":33,"column":3}},"1":{"start":{"line":6,"column":27},"end":{"line":9,"column":5}},"2":{"start":{"line":11,"column":17},"end":{"line":11,"column":36}},"3":{"start":{"line":13,"column":4},"end":{"line":19,"column":7}},"4":{"start":{"line":21,"column":4},"end":{"line":21,"column":40}},"5":{"start":{"line":23,"column":4},"end":{"line":32,"column":5}},"6":{"start":{"line":25,"column":8},"end":{"line":25,"column":65}},"7":{"start":{"line":27,"column":8},"end":{"line":27,"column":58}},"8":{"start":{"line":29,"column":8},"end":{"line":29,"column":67}},"9":{"start":{"line":31,"column":8},"end":{"line":31,"column":67}},"10":{"start":{"line":37,"column":2},"end":{"line":52,"column":3}},"11":{"start":{"line":38,"column":4},"end":{"line":38,"column":68}},"12":{"start":{"line":40,"column":4},"end":{"line":51,"column":5}},"13":{"start":{"line":42,"column":8},"end":{"line":42,"column":61}},"14":{"start":{"line":44,"column":8},"end":{"line":44,"column":47}},"15":{"start":{"line":46,"column":8},"end":{"line":46,"column":58}},"16":{"start":{"line":48,"column":8},"end":{"line":48,"column":70}},"17":{"start":{"line":50,"column":8},"end":{"line":50,"column":67}},"18":{"start":{"line":56,"column":2},"end":{"line":60,"column":3}},"19":{"start":{"line":57,"column":4},"end":{"line":57,"column":27}},"20":{"start":{"line":59,"column":4},"end":{"line":59,"column":60}}},"fnMap":{"0":{"name":"registerUser","decl":{"start":{"line":4,"column":22},"end":{"line":4,"column":34}},"loc":{"start":{"line":4,"column":52},"end":{"line":34,"column":1}},"line":4},"1":{"name":"loginUser","decl":{"start":{"line":36,"column":22},"end":{"line":36,"column":31}},"loc":{"start":{"line":36,"column":49},"end":{"line":53,"column":1}},"line":36},"2":{"name":"logoutUser","decl":{"start":{"line":55,"column":22},"end":{"line":55,"column":32}},"loc":{"start":{"line":55,"column":35},"end":{"line":61,"column":1}},"line":55}},"branchMap":{"0":{"loc":{"start":{"line":23,"column":4},"end":{"line":32,"column":5}},"type":"switch","locations":[{"start":{"line":24,"column":6},"end":{"line":25,"column":65}},{"start":{"line":26,"column":6},"end":{"line":27,"column":58}},{"start":{"line":28,"column":6},"end":{"line":29,"column":67}},{"start":{"line":30,"column":6},"end":{"line":31,"column":67}}],"line":23},"1":{"loc":{"start":{"line":40,"column":4},"end":{"line":51,"column":5}},"type":"switch","locations":[{"start":{"line":41,"column":6},"end":{"line":42,"column":61}},{"start":{"line":43,"column":6},"end":{"line":44,"column":47}},{"start":{"line":45,"column":6},"end":{"line":46,"column":58}},{"start":{"line":47,"column":6},"end":{"line":48,"column":70}},{"start":{"line":49,"column":6},"end":{"line":50,"column":67}}],"line":40}},"s":{"0":6,"1":6,"2":2,"3":2,"4":2,"5":4,"6":1,"7":1,"8":1,"9":1,"10":6,"11":6,"12":5,"13":1,"14":1,"15":1,"16":1,"17":1,"18":2,"19":2,"20":1},"f":{"0":6,"1":6,"2":2},"b":{"0":[1,1,1,1],"1":[1,1,1,1,1]},"_coverageSchema":"1a1c01bbd47fc00a2c39e90264f33305004495a9","hash":"6c29f46ad428259c3cc9e34b218542ab971c31d3"}
,"C:\\Users\\sajan\\work\\project-gamma\\services\\firebase\\firestore.js": {"path":"C:\\Users\\sajan\\work\\project-gamma\\services\\firebase\\firestore.js","statementMap":{"0":{"start":{"line":4,"column":14},"end":{"line":10,"column":6}},"1":{"start":{"line":12,"column":2},"end":{"line":12,"column":16}},"2":{"start":{"line":16,"column":2},"end":{"line":16,"column":62}},"3":{"start":{"line":20,"column":15},"end":{"line":23,"column":10}},"4":{"start":{"line":25,"column":2},"end":{"line":28,"column":6}},"5":{"start":{"line":25,"column":33},"end":{"line":28,"column":3}},"6":{"start":{"line":32,"column":14},"end":{"line":37,"column":6}},"7":{"start":{"line":39,"column":2},"end":{"line":39,"column":16}},"8":{"start":{"line":43,"column":2},"end":{"line":43,"column":64}},"9":{"start":{"line":47,"column":2},"end":{"line":47,"column":33}},"10":{"start":{"line":47,"column":23},"end":{"line":47,"column":33}},"11":{"start":{"line":49,"column":15},"end":{"line":52,"column":10}},"12":{"start":{"line":54,"column":2},"end":{"line":57,"column":6}},"13":{"start":{"line":54,"column":33},"end":{"line":57,"column":3}},"14":{"start":{"line":61,"column":14},"end":{"line":61,"column":71}},"15":{"start":{"line":63,"column":2},"end":{"line":66,"column":4}},"16":{"start":{"line":70,"column":2},"end":{"line":70,"column":71}},"17":{"start":{"line":74,"column":14},"end":{"line":79,"column":6}},"18":{"start":{"line":81,"column":2},"end":{"line":81,"column":16}},"19":{"start":{"line":85,"column":2},"end":{"line":85,"column":68}},"20":{"start":{"line":89,"column":19},"end":{"line":92,"column":10}},"21":{"start":{"line":94,"column":2},"end":{"line":97,"column":6}},"22":{"start":{"line":94,"column":37},"end":{"line":97,"column":3}},"23":{"start":{"line":101,"column":2},"end":{"line":101,"column":75}},"24":{"start":{"line":105,"column":14},"end":{"line":110,"column":6}},"25":{"start":{"line":112,"column":2},"end":{"line":112,"column":16}},"26":{"start":{"line":116,"column":19},"end":{"line":119,"column":10}},"27":{"start":{"line":121,"column":2},"end":{"line":126,"column":53}},"28":{"start":{"line":122,"column":19},"end":{"line":125,"column":5}},"29":{"start":{"line":126,"column":20},"end":{"line":126,"column":51}},"30":{"start":{"line":130,"column":19},"end":{"line":133,"column":10}},"31":{"start":{"line":135,"column":2},"end":{"line":140,"column":53}},"32":{"start":{"line":136,"column":19},"end":{"line":139,"column":5}},"33":{"start":{"line":140,"column":20},"end":{"line":140,"column":51}},"34":{"start":{"line":144,"column":2},"end":{"line":146,"column":3}},"35":{"start":{"line":145,"column":4},"end":{"line":145,"column":41}},"36":{"start":{"line":148,"column":2},"end":{"line":150,"column":3}},"37":{"start":{"line":149,"column":4},"end":{"line":149,"column":46}},"38":{"start":{"line":152,"column":2},"end":{"line":154,"column":3}},"39":{"start":{"line":153,"column":4},"end":{"line":153,"column":47}},"40":{"start":{"line":156,"column":2},"end":{"line":156,"column":11}}},"fnMap":{"0":{"name":"addFarm","decl":{"start":{"line":3,"column":15},"end":{"line":3,"column":22}},"loc":{"start":{"line":3,"column":37},"end":{"line":13,"column":1}},"line":3},"1":{"name":"deleteFarm","decl":{"start":{"line":15,"column":15},"end":{"line":15,"column":25}},"loc":{"start":{"line":15,"column":34},"end":{"line":17,"column":1}},"line":15},"2":{"name":"getFarmsByUser","decl":{"start":{"line":19,"column":15},"end":{"line":19,"column":29}},"loc":{"start":{"line":19,"column":38},"end":{"line":29,"column":1}},"line":19},"3":{"name":"(anonymous_3)","decl":{"start":{"line":25,"column":23},"end":{"line":25,"column":24}},"loc":{"start":{"line":25,"column":33},"end":{"line":28,"column":3}},"line":25},"4":{"name":"addField","decl":{"start":{"line":31,"column":15},"end":{"line":31,"column":23}},"loc":{"start":{"line":31,"column":31},"end":{"line":40,"column":1}},"line":31},"5":{"name":"deleteField","decl":{"start":{"line":42,"column":15},"end":{"line":42,"column":26}},"loc":{"start":{"line":42,"column":36},"end":{"line":44,"column":1}},"line":42},"6":{"name":"getFieldsByFarmIds","decl":{"start":{"line":46,"column":15},"end":{"line":46,"column":33}},"loc":{"start":{"line":46,"column":43},"end":{"line":58,"column":1}},"line":46},"7":{"name":"(anonymous_7)","decl":{"start":{"line":54,"column":23},"end":{"line":54,"column":24}},"loc":{"start":{"line":54,"column":33},"end":{"line":57,"column":3}},"line":54},"8":{"name":"getField","decl":{"start":{"line":60,"column":15},"end":{"line":60,"column":23}},"loc":{"start":{"line":60,"column":33},"end":{"line":67,"column":1}},"line":60},"9":{"name":"updateField","decl":{"start":{"line":69,"column":15},"end":{"line":69,"column":26}},"loc":{"start":{"line":69,"column":45},"end":{"line":71,"column":1}},"line":69},"10":{"name":"addObs","decl":{"start":{"line":73,"column":15},"end":{"line":73,"column":21}},"loc":{"start":{"line":73,"column":27},"end":{"line":82,"column":1}},"line":73},"11":{"name":"deleteObs","decl":{"start":{"line":84,"column":15},"end":{"line":84,"column":24}},"loc":{"start":{"line":84,"column":32},"end":{"line":86,"column":1}},"line":84},"12":{"name":"getObs","decl":{"start":{"line":88,"column":15},"end":{"line":88,"column":21}},"loc":{"start":{"line":88,"column":31},"end":{"line":98,"column":1}},"line":88},"13":{"name":"(anonymous_13)","decl":{"start":{"line":94,"column":27},"end":{"line":94,"column":28}},"loc":{"start":{"line":94,"column":37},"end":{"line":97,"column":3}},"line":94},"14":{"name":"updateObs","decl":{"start":{"line":100,"column":15},"end":{"line":100,"column":24}},"loc":{"start":{"line":100,"column":41},"end":{"line":102,"column":1}},"line":100},"15":{"name":"addRecommendation","decl":{"start":{"line":104,"column":15},"end":{"line":104,"column":32}},"loc":{"start":{"line":104,"column":49},"end":{"line":113,"column":1}},"line":104},"16":{"name":"getRecommendations","decl":{"start":{"line":115,"column":15},"end":{"line":115,"column":33}},"loc":{"start":{"line":115,"column":42},"end":{"line":127,"column":1}},"line":115},"17":{"name":"(anonymous_17)","decl":{"start":{"line":122,"column":9},"end":{"line":122,"column":10}},"loc":{"start":{"line":122,"column":19},"end":{"line":125,"column":5}},"line":122},"18":{"name":"(anonymous_18)","decl":{"start":{"line":126,"column":10},"end":{"line":126,"column":11}},"loc":{"start":{"line":126,"column":20},"end":{"line":126,"column":51}},"line":126},"19":{"name":"getFieldRecommendations","decl":{"start":{"line":129,"column":15},"end":{"line":129,"column":38}},"loc":{"start":{"line":129,"column":48},"end":{"line":141,"column":1}},"line":129},"20":{"name":"(anonymous_20)","decl":{"start":{"line":136,"column":9},"end":{"line":136,"column":10}},"loc":{"start":{"line":136,"column":19},"end":{"line":139,"column":5}},"line":136},"21":{"name":"(anonymous_21)","decl":{"start":{"line":140,"column":10},"end":{"line":140,"column":11}},"loc":{"start":{"line":140,"column":20},"end":{"line":140,"column":51}},"line":140},"22":{"name":"getItemTime","decl":{"start":{"line":143,"column":9},"end":{"line":143,"column":20}},"loc":{"start":{"line":143,"column":27},"end":{"line":157,"column":1}},"line":143}},"branchMap":{"0":{"loc":{"start":{"line":47,"column":2},"end":{"line":47,"column":33}},"type":"if","locations":[{"start":{"line":47,"column":2},"end":{"line":47,"column":33}},{"start":{},"end":{}}],"line":47},"1":{"loc":{"start":{"line":144,"column":2},"end":{"line":146,"column":3}},"type":"if","locations":[{"start":{"line":144,"column":2},"end":{"line":146,"column":3}},{"start":{},"end":{}}],"line":144},"2":{"loc":{"start":{"line":148,"column":2},"end":{"line":150,"column":3}},"type":"if","locations":[{"start":{"line":148,"column":2},"end":{"line":150,"column":3}},{"start":{},"end":{}}],"line":148},"3":{"loc":{"start":{"line":152,"column":2},"end":{"line":154,"column":3}},"type":"if","locations":[{"start":{"line":152,"column":2},"end":{"line":154,"column":3}},{"start":{},"end":{}}],"line":152}},"s":{"0":1,"1":1,"2":0,"3":2,"4":2,"5":1,"6":1,"7":1,"8":1,"9":2,"10":1,"11":1,"12":1,"13":1,"14":1,"15":1,"16":1,"17":1,"18":1,"19":1,"20":2,"21":2,"22":1,"23":1,"24":1,"25":1,"26":0,"27":0,"28":0,"29":0,"30":2,"31":2,"32":1,"33":0,"34":6,"35":2,"36":4,"37":1,"38":3,"39":1,"40":2},"f":{"0":1,"1":0,"2":2,"3":1,"4":1,"5":1,"6":2,"7":1,"8":1,"9":1,"10":1,"11":1,"12":2,"13":1,"14":1,"15":1,"16":0,"17":0,"18":0,"19":2,"20":1,"21":0,"22":6},"b":{"0":[1,1],"1":[2,4],"2":[1,3],"3":[1,2]},"_coverageSchema":"1a1c01bbd47fc00a2c39e90264f33305004495a9","hash":"8a2fbfbf0a5cdfdf1933692aa62fb8431cf09ce6"}
,"C:\\Users\\sajan\\work\\project-gamma\\services\\offline\\networkStatus.js": {"path":"C:\\Users\\sajan\\work\\project-gamma\\services\\offline\\networkStatus.js","statementMap":{"0":{"start":{"line":4,"column":16},"end":{"line":4,"column":37}},"1":{"start":{"line":5,"column":2},"end":{"line":5,"column":75}},"2":{"start":{"line":9,"column":2},"end":{"line":15,"column":5}},"3":{"start":{"line":10,"column":19},"end":{"line":12,"column":5}},"4":{"start":{"line":14,"column":4},"end":{"line":14,"column":21}}},"fnMap":{"0":{"name":"isOnline","decl":{"start":{"line":3,"column":22},"end":{"line":3,"column":30}},"loc":{"start":{"line":3,"column":33},"end":{"line":6,"column":1}},"line":3},"1":{"name":"listenToNetworkStatus","decl":{"start":{"line":8,"column":16},"end":{"line":8,"column":37}},"loc":{"start":{"line":8,"column":48},"end":{"line":16,"column":1}},"line":8},"2":{"name":"(anonymous_2)","decl":{"start":{"line":9,"column":34},"end":{"line":9,"column":35}},"loc":{"start":{"line":9,"column":45},"end":{"line":15,"column":3}},"line":9}},"branchMap":{"0":{"loc":{"start":{"line":5,"column":17},"end":{"line":5,"column":73}},"type":"binary-expr","locations":[{"start":{"line":5,"column":17},"end":{"line":5,"column":34}},{"start":{"line":5,"column":38},"end":{"line":5,"column":73}}],"line":5},"1":{"loc":{"start":{"line":11,"column":6},"end":{"line":11,"column":62}},"type":"binary-expr","locations":[{"start":{"line":11,"column":6},"end":{"line":11,"column":23}},{"start":{"line":11,"column":27},"end":{"line":11,"column":62}}],"line":11}},"s":{"0":5,"1":5,"2":4,"3":3,"4":3},"f":{"0":5,"1":4,"2":3},"b":{"0":[5,3],"1":[3,2]},"_coverageSchema":"1a1c01bbd47fc00a2c39e90264f33305004495a9","hash":"017bbb6c0cac1d2eba292793bbb23c9ee3b02411"}
,"C:\\Users\\sajan\\work\\project-gamma\\services\\offline\\offlineStorage.js": {"path":"C:\\Users\\sajan\\work\\project-gamma\\services\\offline\\offlineStorage.js","statementMap":{"0":{"start":{"line":4,"column":15},"end":{"line":4,"column":46}},"1":{"start":{"line":5,"column":2},"end":{"line":5,"column":40}},"2":{"start":{"line":9,"column":2},"end":{"line":9,"column":57}},"3":{"start":{"line":13,"column":2},"end":{"line":13,"column":37}}},"fnMap":{"0":{"name":"getStorageItem","decl":{"start":{"line":3,"column":22},"end":{"line":3,"column":36}},"loc":{"start":{"line":3,"column":42},"end":{"line":6,"column":1}},"line":3},"1":{"name":"setStorageItem","decl":{"start":{"line":8,"column":22},"end":{"line":8,"column":36}},"loc":{"start":{"line":8,"column":49},"end":{"line":10,"column":1}},"line":8},"2":{"name":"removeStorageItem","decl":{"start":{"line":12,"column":22},"end":{"line":12,"column":39}},"loc":{"start":{"line":12,"column":45},"end":{"line":14,"column":1}},"line":12}},"branchMap":{"0":{"loc":{"start":{"line":5,"column":9},"end":{"line":5,"column":39}},"type":"cond-expr","locations":[{"start":{"line":5,"column":16},"end":{"line":5,"column":32}},{"start":{"line":5,"column":35},"end":{"line":5,"column":39}}],"line":5}},"s":{"0":11,"1":11,"2":9,"3":1},"f":{"0":11,"1":9,"2":1},"b":{"0":[6,5]},"_coverageSchema":"1a1c01bbd47fc00a2c39e90264f33305004495a9","hash":"6b8891e39ef0ab1bd9c6ea920ffb66a188605f12"}
,"C:\\Users\\sajan\\work\\project-gamma\\services\\offline\\syncQueue.js": {"path":"C:\\Users\\sajan\\work\\project-gamma\\services\\offline\\syncQueue.js","statementMap":{"0":{"start":{"line":6,"column":23},"end":{"line":6,"column":45}},"1":{"start":{"line":9,"column":16},"end":{"line":9,"column":52}},"2":{"start":{"line":10,"column":2},"end":{"line":10,"column":21}},"3":{"start":{"line":14,"column":16},"end":{"line":14,"column":36}},"4":{"start":{"line":16,"column":20},"end":{"line":21,"column":3}},"5":{"start":{"line":23,"column":23},"end":{"line":23,"column":44}},"6":{"start":{"line":25,"column":2},"end":{"line":25,"column":53}},"7":{"start":{"line":27,"column":2},"end":{"line":27,"column":19}},"8":{"start":{"line":31,"column":16},"end":{"line":31,"column":36}},"9":{"start":{"line":33,"column":23},"end":{"line":33,"column":70}},"10":{"start":{"line":33,"column":46},"end":{"line":33,"column":69}},"11":{"start":{"line":35,"column":2},"end":{"line":35,"column":53}},"12":{"start":{"line":39,"column":2},"end":{"line":39,"column":43}}},"fnMap":{"0":{"name":"getSyncQueue","decl":{"start":{"line":8,"column":22},"end":{"line":8,"column":34}},"loc":{"start":{"line":8,"column":37},"end":{"line":11,"column":1}},"line":8},"1":{"name":"addToSyncQueue","decl":{"start":{"line":13,"column":22},"end":{"line":13,"column":36}},"loc":{"start":{"line":13,"column":52},"end":{"line":28,"column":1}},"line":13},"2":{"name":"removeFromSyncQueue","decl":{"start":{"line":30,"column":22},"end":{"line":30,"column":41}},"loc":{"start":{"line":30,"column":55},"end":{"line":36,"column":1}},"line":30},"3":{"name":"(anonymous_3)","decl":{"start":{"line":33,"column":36},"end":{"line":33,"column":37}},"loc":{"start":{"line":33,"column":46},"end":{"line":33,"column":69}},"line":33},"4":{"name":"clearSyncQueue","decl":{"start":{"line":38,"column":22},"end":{"line":38,"column":36}},"loc":{"start":{"line":38,"column":39},"end":{"line":40,"column":1}},"line":38}},"branchMap":{"0":{"loc":{"start":{"line":10,"column":9},"end":{"line":10,"column":20}},"type":"binary-expr","locations":[{"start":{"line":10,"column":9},"end":{"line":10,"column":14}},{"start":{"line":10,"column":18},"end":{"line":10,"column":20}}],"line":10}},"s":{"0":1,"1":8,"2":8,"3":4,"4":4,"5":4,"6":4,"7":4,"8":2,"9":2,"10":3,"11":2,"12":1},"f":{"0":8,"1":4,"2":2,"3":3,"4":1},"b":{"0":[8,4]},"_coverageSchema":"1a1c01bbd47fc00a2c39e90264f33305004495a9","hash":"a727fdf827ce14802cddb88388f01157f70ab851"}
,"C:\\Users\\sajan\\work\\project-gamma\\services\\offline\\syncService.js": {"path":"C:\\Users\\sajan\\work\\project-gamma\\services\\offline\\syncService.js","statementMap":{"0":{"start":{"line":6,"column":14},"end":{"line":6,"column":19}},"1":{"start":{"line":9,"column":2},"end":{"line":15,"column":3}},"2":{"start":{"line":10,"column":4},"end":{"line":14,"column":6}},"3":{"start":{"line":17,"column":2},"end":{"line":17,"column":17}},"4":{"start":{"line":18,"column":20},"end":{"line":18,"column":21}},"5":{"start":{"line":20,"column":2},"end":{"line":71,"column":3}},"6":{"start":{"line":21,"column":19},"end":{"line":21,"column":35}},"7":{"start":{"line":23,"column":4},"end":{"line":29,"column":5}},"8":{"start":{"line":24,"column":6},"end":{"line":28,"column":8}},"9":{"start":{"line":31,"column":18},"end":{"line":31,"column":38}},"10":{"start":{"line":33,"column":4},"end":{"line":39,"column":5}},"11":{"start":{"line":34,"column":6},"end":{"line":38,"column":8}},"12":{"start":{"line":41,"column":4},"end":{"line":62,"column":5}},"13":{"start":{"line":42,"column":6},"end":{"line":61,"column":7}},"14":{"start":{"line":43,"column":8},"end":{"line":46,"column":9}},"15":{"start":{"line":44,"column":10},"end":{"line":44,"column":64}},"16":{"start":{"line":45,"column":10},"end":{"line":45,"column":24}},"17":{"start":{"line":48,"column":8},"end":{"line":51,"column":9}},"18":{"start":{"line":49,"column":10},"end":{"line":49,"column":39}},"19":{"start":{"line":50,"column":10},"end":{"line":50,"column":24}},"20":{"start":{"line":53,"column":8},"end":{"line":56,"column":9}},"21":{"start":{"line":54,"column":10},"end":{"line":54,"column":37}},"22":{"start":{"line":55,"column":10},"end":{"line":55,"column":24}},"23":{"start":{"line":58,"column":8},"end":{"line":58,"column":43}},"24":{"start":{"line":60,"column":8},"end":{"line":60,"column":65}},"25":{"start":{"line":64,"column":4},"end":{"line":68,"column":6}},"26":{"start":{"line":70,"column":4},"end":{"line":70,"column":20}}},"fnMap":{"0":{"name":"syncOfflineQueue","decl":{"start":{"line":8,"column":22},"end":{"line":8,"column":38}},"loc":{"start":{"line":8,"column":41},"end":{"line":72,"column":1}},"line":8}},"branchMap":{"0":{"loc":{"start":{"line":9,"column":2},"end":{"line":15,"column":3}},"type":"if","locations":[{"start":{"line":9,"column":2},"end":{"line":15,"column":3}},{"start":{},"end":{}}],"line":9},"1":{"loc":{"start":{"line":23,"column":4},"end":{"line":29,"column":5}},"type":"if","locations":[{"start":{"line":23,"column":4},"end":{"line":29,"column":5}},{"start":{},"end":{}}],"line":23},"2":{"loc":{"start":{"line":33,"column":4},"end":{"line":39,"column":5}},"type":"if","locations":[{"start":{"line":33,"column":4},"end":{"line":39,"column":5}},{"start":{},"end":{}}],"line":33},"3":{"loc":{"start":{"line":43,"column":8},"end":{"line":46,"column":9}},"type":"if","locations":[{"start":{"line":43,"column":8},"end":{"line":46,"column":9}},{"start":{},"end":{}}],"line":43},"4":{"loc":{"start":{"line":48,"column":8},"end":{"line":51,"column":9}},"type":"if","locations":[{"start":{"line":48,"column":8},"end":{"line":51,"column":9}},{"start":{},"end":{}}],"line":48},"5":{"loc":{"start":{"line":53,"column":8},"end":{"line":56,"column":9}},"type":"if","locations":[{"start":{"line":53,"column":8},"end":{"line":56,"column":9}},{"start":{},"end":{}}],"line":53}},"s":{"0":9,"1":12,"2":1,"3":11,"4":11,"5":11,"6":11,"7":10,"8":1,"9":9,"10":9,"11":5,"12":4,"13":5,"14":5,"15":2,"16":1,"17":4,"18":2,"19":2,"20":4,"21":1,"22":1,"23":4,"24":1,"25":4,"26":11},"f":{"0":12},"b":{"0":[1,11],"1":[1,9],"2":[5,4],"3":[2,3],"4":[2,2],"5":[1,3]},"_coverageSchema":"1a1c01bbd47fc00a2c39e90264f33305004495a9","hash":"f85c65b51f39edc3c45d540d50af3cc15a77017e"}
,"C:\\Users\\sajan\\work\\project-gamma\\utils\\config.js": {"path":"C:\\Users\\sajan\\work\\project-gamma\\utils\\config.js","statementMap":{"0":{"start":{"line":1,"column":26},"end":{"line":18,"column":1}}},"fnMap":{},"branchMap":{"0":{"loc":{"start":{"line":3,"column":4},"end":{"line":3,"column":76}},"type":"binary-expr","locations":[{"start":{"line":3,"column":4},"end":{"line":3,"column":46}},{"start":{"line":3,"column":50},"end":{"line":3,"column":76}}],"line":3},"1":{"loc":{"start":{"line":6,"column":4},"end":{"line":7,"column":35}},"type":"binary-expr","locations":[{"start":{"line":6,"column":4},"end":{"line":6,"column":47}},{"start":{"line":7,"column":4},"end":{"line":7,"column":35}}],"line":6},"2":{"loc":{"start":{"line":10,"column":4},"end":{"line":11,"column":45}},"type":"binary-expr","locations":[{"start":{"line":10,"column":4},"end":{"line":10,"column":51}},{"start":{"line":11,"column":4},"end":{"line":11,"column":45}}],"line":10},"3":{"loc":{"start":{"line":13,"column":24},"end":{"line":13,"column":76}},"type":"binary-expr","locations":[{"start":{"line":13,"column":24},"end":{"line":13,"column":70}},{"start":{"line":13,"column":74},"end":{"line":13,"column":76}}],"line":13},"4":{"loc":{"start":{"line":15,"column":16},"end":{"line":15,"column":60}},"type":"binary-expr","locations":[{"start":{"line":15,"column":16},"end":{"line":15,"column":54}},{"start":{"line":15,"column":58},"end":{"line":15,"column":60}}],"line":15},"5":{"loc":{"start":{"line":17,"column":15},"end":{"line":17,"column":73}},"type":"binary-expr","locations":[{"start":{"line":17,"column":15},"end":{"line":17,"column":51}},{"start":{"line":17,"column":55},"end":{"line":17,"column":73}}],"line":17}},"s":{"0":1},"f":{},"b":{"0":[1,1],"1":[1,1],"2":[1,1],"3":[1,1],"4":[1,1],"5":[1,1]},"_coverageSchema":"1a1c01bbd47fc00a2c39e90264f33305004495a9","hash":"57f788690b135139b436e50d2c483004c5f58490"}
,"C:\\Users\\sajan\\work\\project-gamma\\utils\\helpers.js": {"path":"C:\\Users\\sajan\\work\\project-gamma\\utils\\helpers.js","statementMap":{"0":{"start":{"line":2,"column":2},"end":{"line":2,"column":39}},"1":{"start":{"line":6,"column":2},"end":{"line":6,"column":58}},"2":{"start":{"line":10,"column":2},"end":{"line":12,"column":3}},"3":{"start":{"line":11,"column":4},"end":{"line":11,"column":21}},"4":{"start":{"line":14,"column":2},"end":{"line":14,"column":15}}},"fnMap":{"0":{"name":"cleanPostcode","decl":{"start":{"line":1,"column":16},"end":{"line":1,"column":29}},"loc":{"start":{"line":1,"column":40},"end":{"line":3,"column":1}},"line":1},"1":{"name":"isValidPostcode","decl":{"start":{"line":5,"column":16},"end":{"line":5,"column":31}},"loc":{"start":{"line":5,"column":42},"end":{"line":7,"column":1}},"line":5},"2":{"name":"formatUnknown","decl":{"start":{"line":9,"column":16},"end":{"line":9,"column":29}},"loc":{"start":{"line":9,"column":37},"end":{"line":15,"column":1}},"line":9}},"branchMap":{"0":{"loc":{"start":{"line":6,"column":17},"end":{"line":6,"column":56}},"type":"binary-expr","locations":[{"start":{"line":6,"column":17},"end":{"line":6,"column":25}},{"start":{"line":6,"column":29},"end":{"line":6,"column":56}}],"line":6},"1":{"loc":{"start":{"line":10,"column":2},"end":{"line":12,"column":3}},"type":"if","locations":[{"start":{"line":10,"column":2},"end":{"line":12,"column":3}},{"start":{},"end":{}}],"line":10},"2":{"loc":{"start":{"line":10,"column":6},"end":{"line":10,"column":59}},"type":"binary-expr","locations":[{"start":{"line":10,"column":6},"end":{"line":10,"column":20}},{"start":{"line":10,"column":24},"end":{"line":10,"column":43}},{"start":{"line":10,"column":47},"end":{"line":10,"column":59}}],"line":10}},"s":{"0":5,"1":6,"2":0,"3":0,"4":0},"f":{"0":5,"1":6,"2":0},"b":{"0":[6,6],"1":[0,0],"2":[0,0,0]},"_coverageSchema":"1a1c01bbd47fc00a2c39e90264f33305004495a9","hash":"fcfa2a7d366b7990533760ea72d0d1bacca94de6"}
}
