TN:
SF:app\(tabs)\recommendations.jsx
FN:26,RecommendationsScreen
FN:44,(anonymous_1)
FN:48,loadRecommendationData
FN:60,(anonymous_3)
FN:65,(anonymous_4)
FN:76,(anonymous_5)
FN:90,getItemTime
FN:106,getFieldById
FN:107,(anonymous_8)
FN:110,formatDate
FN:124,handleGenerateRecommendation
FN:146,(anonymous_11)
FN:225,(anonymous_12)
FN:239,(anonymous_13)
FN:308,(anonymous_14)
FNF:15
FNH:13
FNDA:50,RecommendationsScreen
FNDA:15,(anonymous_1)
FNDA:18,loadRecommendationData
FNDA:16,(anonymous_3)
FNDA:0,(anonymous_4)
FNDA:3,(anonymous_5)
FNDA:34,getItemTime
FNDA:22,getFieldById
FNDA:22,(anonymous_8)
FNDA:34,formatDate
FNDA:7,handleGenerateRecommendation
FNDA:4,(anonymous_11)
FNDA:18,(anonymous_12)
FNDA:0,(anonymous_13)
FNDA:16,(anonymous_14)
DA:27,50
DA:28,50
DA:29,50
DA:30,50
DA:31,50
DA:32,50
DA:34,50
DA:35,50
DA:37,50
DA:38,50
DA:39,50
DA:40,50
DA:41,50
DA:42,50
DA:44,50
DA:45,15
DA:49,18
DA:50,2
DA:51,2
DA:52,2
DA:53,2
DA:56,16
DA:57,16
DA:59,16
DA:60,16
DA:63,16
DA:65,0
DA:67,16
DA:69,16
DA:70,11
DA:73,16
DA:76,3
DA:78,0
DA:81,16
DA:82,16
DA:84,0
DA:86,16
DA:91,34
DA:92,17
DA:95,17
DA:96,16
DA:99,1
DA:100,0
DA:103,1
DA:107,22
DA:111,34
DA:113,34
DA:115,33
DA:125,7
DA:127,7
DA:128,1
DA:132,1
DA:135,6
DA:136,1
DA:137,1
DA:140,5
DA:141,1
DA:142,1
DA:145,4
DA:146,4
DA:149,4
DA:150,0
DA:151,0
DA:154,4
DA:156,4
DA:157,4
DA:159,4
DA:172,3
DA:174,3
DA:194,3
DA:196,1
DA:198,4
DA:202,50
DA:226,18
DA:227,18
DA:229,18
DA:239,0
DA:309,16
DA:337,1
LF:79
LH:72
BRDA:49,0,0,2
BRDA:49,0,1,16
BRDA:49,1,0,18
BRDA:49,1,1,16
BRDA:69,2,0,11
BRDA:69,2,1,5
BRDA:69,3,0,16
BRDA:69,3,1,14
BRDA:73,4,0,0
BRDA:73,4,1,16
BRDA:74,5,0,16
BRDA:74,5,1,14
BRDA:74,5,2,3
BRDA:84,6,0,0
BRDA:84,6,1,0
BRDA:91,7,0,17
BRDA:91,7,1,17
BRDA:95,8,0,16
BRDA:95,8,1,1
BRDA:99,9,0,0
BRDA:99,9,1,1
BRDA:113,10,0,1
BRDA:113,10,1,33
BRDA:127,11,0,1
BRDA:127,11,1,6
BRDA:135,12,0,1
BRDA:135,12,1,5
BRDA:140,13,0,1
BRDA:140,13,1,4
BRDA:149,14,0,0
BRDA:149,14,1,4
BRDA:165,15,0,4
BRDA:165,15,1,4
BRDA:168,16,0,4
BRDA:168,16,1,4
BRDA:169,17,0,4
BRDA:169,17,1,4
BRDA:176,18,0,3
BRDA:176,18,1,0
BRDA:177,19,0,3
BRDA:177,19,1,0
BRDA:181,20,0,3
BRDA:181,20,1,0
BRDA:182,21,0,3
BRDA:182,21,1,0
BRDA:183,22,0,3
BRDA:183,22,1,0
BRDA:184,23,0,3
BRDA:184,23,1,0
BRDA:185,24,0,3
BRDA:185,24,1,3
BRDA:186,25,0,3
BRDA:186,25,1,3
BRDA:187,26,0,3
BRDA:187,26,1,0
BRDA:189,27,0,3
BRDA:189,27,1,3
BRDA:189,27,2,3
BRDA:190,28,0,3
BRDA:190,28,1,3
BRDA:190,28,2,3
BRDA:212,29,0,13
BRDA:212,29,1,37
BRDA:220,30,0,19
BRDA:220,30,1,18
BRDA:236,31,0,18
BRDA:236,31,1,0
BRDA:242,32,0,18
BRDA:242,32,1,0
BRDA:250,33,0,18
BRDA:250,33,1,0
BRDA:253,34,0,18
BRDA:253,34,1,18
BRDA:259,35,0,18
BRDA:259,35,1,0
BRDA:265,36,0,18
BRDA:265,36,1,0
BRDA:271,37,0,18
BRDA:271,37,1,18
BRDA:285,38,0,37
BRDA:285,38,1,3
BRDA:290,39,0,3
BRDA:290,39,1,34
BRDA:303,40,0,21
BRDA:303,40,1,16
BRDA:317,41,0,16
BRDA:317,41,1,0
BRF:87
BRH:69
end_of_record
TN:
SF:constants\colours.js
FNF:0
FNH:0
DA:1,1
LF:1
LH:1
BRF:0
BRH:0
end_of_record
TN:
SF:constants\theme.js
FNF:0
FNH:0
DA:4,1
LF:1
LH:1
BRF:0
BRH:0
end_of_record
