TN:
SF:app\(tabs)\addFarm.jsx
FN:9,AddFarmScreen
FN:14,(anonymous_1)
FNF:2
FNH:2
FNDA:32,AddFarmScreen
FNDA:13,(anonymous_1)
DA:10,32
DA:11,32
DA:12,32
DA:14,32
DA:15,13
DA:16,13
DA:17,13
DA:22,10
DA:23,10
DA:25,2
DA:27,12
DA:31,32
LF:12
LH:12
BRDA:20,0,0,2
BRDA:20,0,1,11
BRF:2
BRH:2
end_of_record
TN:
SF:app\(tabs)\recommendations.jsx
FN:26,RecommendationsScreen
FN:44,(anonymous_1)
FN:48,loadRecommendationData
FN:60,(anonymous_3)
FN:65,(anonymous_4)
FN:76,(anonymous_5)
FN:90,getItemTime
FN:106,getFieldById
FN:107,(anonymous_8)
FN:110,formatDate
FN:124,handleGenerateRecommendation
FN:146,(anonymous_11)
FN:225,(anonymous_12)
FN:239,(anonymous_13)
FN:308,(anonymous_14)
FNF:15
FNH:13
FNDA:50,RecommendationsScreen
FNDA:15,(anonymous_1)
FNDA:18,loadRecommendationData
FNDA:16,(anonymous_3)
FNDA:0,(anonymous_4)
FNDA:3,(anonymous_5)
FNDA:34,getItemTime
FNDA:22,getFieldById
FNDA:22,(anonymous_8)
FNDA:34,formatDate
FNDA:7,handleGenerateRecommendation
FNDA:4,(anonymous_11)
FNDA:18,(anonymous_12)
FNDA:0,(anonymous_13)
FNDA:16,(anonymous_14)
DA:27,50
DA:28,50
DA:29,50
DA:30,50
DA:31,50
DA:32,50
DA:34,50
DA:35,50
DA:37,50
DA:38,50
DA:39,50
DA:40,50
DA:41,50
DA:42,50
DA:44,50
DA:45,15
DA:49,18
DA:50,2
DA:51,2
DA:52,2
DA:53,2
DA:56,16
DA:57,16
DA:59,16
DA:60,16
DA:63,16
DA:65,0
DA:67,16
DA:69,16
DA:70,11
DA:73,16
DA:76,3
DA:78,0
DA:81,16
DA:82,16
DA:84,0
DA:86,16
DA:91,34
DA:92,17
DA:95,17
DA:96,16
DA:99,1
DA:100,0
DA:103,1
DA:107,22
DA:111,34
DA:113,34
DA:115,33
DA:125,7
DA:127,7
DA:128,1
DA:132,1
DA:135,6
DA:136,1
DA:137,1
DA:140,5
DA:141,1
DA:142,1
DA:145,4
DA:146,4
DA:149,4
DA:150,0
DA:151,0
DA:154,4
DA:156,4
DA:157,4
DA:159,4
DA:172,3
DA:174,3
DA:194,3
DA:196,1
DA:198,4
DA:202,50
DA:226,18
DA:227,18
DA:229,18
DA:239,0
DA:309,16
DA:337,1
LF:79
LH:72
BRDA:49,0,0,2
BRDA:49,0,1,16
BRDA:49,1,0,18
BRDA:49,1,1,16
BRDA:69,2,0,11
BRDA:69,2,1,5
BRDA:69,3,0,16
BRDA:69,3,1,14
BRDA:73,4,0,0
BRDA:73,4,1,16
BRDA:74,5,0,16
BRDA:74,5,1,14
BRDA:74,5,2,3
BRDA:84,6,0,0
BRDA:84,6,1,0
BRDA:91,7,0,17
BRDA:91,7,1,17
BRDA:95,8,0,16
BRDA:95,8,1,1
BRDA:99,9,0,0
BRDA:99,9,1,1
BRDA:113,10,0,1
BRDA:113,10,1,33
BRDA:127,11,0,1
BRDA:127,11,1,6
BRDA:135,12,0,1
BRDA:135,12,1,5
BRDA:140,13,0,1
BRDA:140,13,1,4
BRDA:149,14,0,0
BRDA:149,14,1,4
BRDA:165,15,0,4
BRDA:165,15,1,4
BRDA:168,16,0,4
BRDA:168,16,1,4
BRDA:169,17,0,4
BRDA:169,17,1,4
BRDA:176,18,0,3
BRDA:176,18,1,0
BRDA:177,19,0,3
BRDA:177,19,1,0
BRDA:181,20,0,3
BRDA:181,20,1,0
BRDA:182,21,0,3
BRDA:182,21,1,0
BRDA:183,22,0,3
BRDA:183,22,1,0
BRDA:184,23,0,3
BRDA:184,23,1,0
BRDA:185,24,0,3
BRDA:185,24,1,3
BRDA:186,25,0,3
BRDA:186,25,1,3
BRDA:187,26,0,3
BRDA:187,26,1,0
BRDA:189,27,0,3
BRDA:189,27,1,3
BRDA:189,27,2,3
BRDA:190,28,0,3
BRDA:190,28,1,3
BRDA:190,28,2,3
BRDA:212,29,0,13
BRDA:212,29,1,37
BRDA:220,30,0,19
BRDA:220,30,1,18
BRDA:236,31,0,18
BRDA:236,31,1,0
BRDA:242,32,0,18
BRDA:242,32,1,0
BRDA:250,33,0,18
BRDA:250,33,1,0
BRDA:253,34,0,18
BRDA:253,34,1,18
BRDA:259,35,0,18
BRDA:259,35,1,0
BRDA:265,36,0,18
BRDA:265,36,1,0
BRDA:271,37,0,18
BRDA:271,37,1,18
BRDA:285,38,0,37
BRDA:285,38,1,3
BRDA:290,39,0,3
BRDA:290,39,1,34
BRDA:303,40,0,21
BRDA:303,40,1,16
BRDA:317,41,0,16
BRDA:317,41,1,0
BRF:87
BRH:69
end_of_record
TN:
SF:components\cards\ObservationCard.jsx
FN:13,ObservationCard
FNF:1
FNH:1
FNDA:8,ObservationCard
DA:6,1
DA:14,8
DA:16,8
DA:49,1
LF:4
LH:4
BRDA:14,0,0,8
BRDA:14,0,1,0
BRDA:22,1,0,8
BRDA:22,1,1,7
BRDA:25,2,0,8
BRDA:25,2,1,8
BRDA:28,3,0,8
BRDA:28,3,1,7
BRDA:31,4,0,8
BRDA:31,4,1,8
BRDA:34,5,0,8
BRDA:34,5,1,8
BRDA:40,6,0,8
BRDA:40,6,1,1
BRF:14
BRH:13
end_of_record
TN:
SF:components\forms\AddFarmForm.jsx
FN:18,AddFarmForm
FN:35,(anonymous_1)
FN:45,(anonymous_2)
FN:69,(anonymous_3)
FN:69,(anonymous_4)
FN:83,(anonymous_5)
FN:83,(anonymous_6)
FN:99,(anonymous_7)
FN:99,(anonymous_8)
FN:104,(anonymous_9)
FN:112,(anonymous_10)
FN:146,(anonymous_11)
FNF:12
FNH:11
FNDA:334,AddFarmForm
FNDA:18,(anonymous_1)
FNDA:18,(anonymous_2)
FNDA:174,(anonymous_3)
FNDA:174,(anonymous_4)
FNDA:111,(anonymous_5)
FNDA:111,(anonymous_6)
FNDA:10,(anonymous_7)
FNDA:10,(anonymous_8)
FNDA:668,(anonymous_9)
FNDA:2,(anonymous_10)
FNDA:0,(anonymous_11)
DA:19,334
DA:20,334
DA:21,334
DA:22,334
DA:23,334
DA:24,334
DA:26,334
DA:27,334
DA:28,334
DA:29,334
DA:30,334
DA:31,334
DA:33,334
DA:35,334
DA:36,18
DA:37,18
DA:38,18
DA:39,15
DA:40,18
DA:41,18
DA:42,18
DA:45,334
DA:46,18
DA:47,13
DA:50,334
DA:69,174
DA:83,111
DA:99,10
DA:105,668
DA:112,2
DA:146,0
DA:156,1
LF:32
LH:31
BRDA:37,0,0,2
BRDA:37,0,1,16
BRDA:38,1,0,3
BRDA:38,1,1,15
BRDA:39,2,0,1
BRDA:39,2,1,14
BRDA:40,3,0,1
BRDA:40,3,1,17
BRDA:40,4,0,18
BRDA:40,4,1,3
BRDA:46,5,0,5
BRDA:46,5,1,13
BRDA:53,6,0,334
BRDA:53,6,1,0
BRDA:65,7,0,2
BRDA:65,7,1,332
BRDA:72,8,0,334
BRDA:72,8,1,2
BRDA:79,9,0,5
BRDA:79,9,1,329
BRDA:87,10,0,334
BRDA:87,10,1,5
BRDA:95,11,0,1
BRDA:95,11,1,333
BRDA:110,12,0,668
BRDA:110,12,1,334
BRDA:118,13,0,668
BRDA:118,13,1,334
BRDA:126,14,0,334
BRDA:126,14,1,1
BRDA:131,15,0,334
BRDA:131,15,1,1
BRDA:137,16,0,1
BRDA:137,16,1,333
BRF:34
BRH:33
end_of_record
TN:
SF:components\forms\ObservationForm.jsx
FN:19,ChipRow
FN:26,(anonymous_1)
FN:34,(anonymous_2)
FN:49,ObservationForm
FN:65,validate
FN:72,handleSubmit
FN:99,(anonymous_6)
FN:107,(anonymous_7)
FN:109,(anonymous_8)
FN:130,(anonymous_9)
FN:132,(anonymous_10)
FNF:11
FNH:11
FNDA:39,ChipRow
FNDA:195,(anonymous_1)
FNDA:2,(anonymous_2)
FNDA:13,ObservationForm
FNDA:4,validate
FNDA:4,handleSubmit
FNDA:24,(anonymous_6)
FNDA:2,(anonymous_7)
FNDA:2,(anonymous_8)
FNDA:2,(anonymous_9)
FNDA:2,(anonymous_10)
DA:15,1
DA:16,1
DA:17,1
DA:20,39
DA:27,195
DA:34,2
DA:50,13
DA:51,13
DA:52,13
DA:53,13
DA:54,13
DA:55,13
DA:57,13
DA:58,13
DA:59,13
DA:60,13
DA:61,13
DA:62,13
DA:63,13
DA:66,4
DA:67,4
DA:68,4
DA:69,4
DA:73,4
DA:74,4
DA:75,2
DA:76,2
DA:78,2
DA:88,13
DA:100,24
DA:108,2
DA:109,2
DA:131,2
DA:132,2
DA:192,1
LF:35
LH:35
BRDA:32,0,0,195
BRDA:32,0,1,15
BRDA:39,1,0,195
BRDA:39,1,1,15
BRDA:50,2,0,2
BRDA:50,2,1,11
BRDA:67,3,0,1
BRDA:67,3,1,3
BRDA:68,4,0,2
BRDA:68,4,1,2
BRDA:74,5,0,2
BRDA:74,5,1,2
BRDA:81,6,0,2
BRDA:81,6,1,0
BRDA:105,7,0,24
BRDA:105,7,1,6
BRDA:115,8,0,24
BRDA:115,8,1,6
BRDA:122,9,0,13
BRDA:122,9,1,1
BRDA:139,10,0,13
BRDA:139,10,1,2
BRDA:178,11,0,13
BRDA:178,11,1,1
BRDA:182,12,0,1
BRDA:182,12,1,12
BRF:26
BRH:25
end_of_record
TN:
SF:constants\api.js
FNF:0
FNH:0
DA:2,1
DA:6,1
DA:10,1
DA:14,1
DA:17,1
DA:20,1
LF:6
LH:6
BRDA:2,0,0,1
BRDA:2,0,1,1
BRDA:6,1,0,1
BRDA:6,1,1,1
BRDA:10,2,0,1
BRDA:10,2,1,1
BRDA:14,3,0,1
BRDA:14,3,1,1
BRDA:17,4,0,1
BRDA:17,4,1,1
BRDA:20,5,0,1
BRDA:20,5,1,1
BRF:12
BRH:12
end_of_record
TN:
SF:constants\colours.js
FNF:0
FNH:0
DA:1,3
LF:1
LH:1
BRF:0
BRH:0
end_of_record
TN:
SF:constants\theme.js
FNF:0
FNH:0
DA:4,3
LF:1
LH:1
BRF:0
BRH:0
end_of_record
TN:
SF:context\ThemeContext.jsx
FN:6,ThemeProvider
FN:24,toggleTheme
FN:25,(anonymous_2)
FN:32,resetToSystem
FN:41,useTheme
FNF:5
FNH:2
FNDA:26,ThemeProvider
FNDA:0,toggleTheme
FNDA:0,(anonymous_2)
FNDA:0,resetToSystem
FNDA:2095,useTheme
DA:4,2
DA:7,26
DA:8,26
DA:11,26
DA:12,0
DA:14,26
DA:18,26
DA:19,0
DA:21,26
DA:25,0
DA:26,0
DA:27,0
DA:28,0
DA:33,0
DA:36,26
DA:42,2095
DA:43,2095
DA:44,2095
LF:18
LH:11
BRDA:11,0,0,0
BRDA:11,0,1,26
BRDA:18,1,0,0
BRDA:18,1,1,26
BRDA:26,2,0,0
BRDA:26,2,1,0
BRDA:43,3,0,0
BRDA:43,3,1,2095
BRF:8
BRH:3
end_of_record
TN:
SF:hooks\useColorScheme.js
FNF:0
FNH:0
LF:0
LH:0
BRF:0
BRH:0
end_of_record
TN:
SF:hooks\useThemeColor.js
FN:4,useThemeColor
FNF:1
FNH:1
FNDA:2095,useThemeColor
DA:5,2095
DA:7,2095
DA:9,2095
DA:10,0
DA:13,2095
LF:5
LH:4
BRDA:4,0,0,0
BRDA:9,1,0,0
BRDA:9,1,1,2095
BRF:3
BRH:1
end_of_record
TN:
SF:services\ai\recommendationService.js
FN:4,buildPrompt
FN:53,generateRecommendation
FNF:2
FNH:2
FNDA:5,buildPrompt
FNDA:6,generateRecommendation
DA:14,5
DA:54,6
DA:55,1
DA:58,5
DA:79,5
DA:81,5
DA:82,2
DA:87,3
LF:8
LH:8
BRDA:54,0,0,1
BRDA:54,0,1,5
BRDA:81,1,0,2
BRDA:81,1,1,3
BRDA:83,2,0,2
BRDA:83,2,1,1
BRDA:88,3,0,3
BRDA:88,3,1,1
BRF:8
BRH:8
end_of_record
TN:
SF:services\external\agroMonitoringService.js
FN:6,createAgroPolygon
FNF:1
FNH:1
FNDA:2,createAgroPolygon
DA:7,2
DA:8,2
DA:9,2
DA:10,2
DA:13,0
DA:15,0
DA:35,0
DA:46,0
DA:48,0
DA:49,0
DA:50,0
DA:51,0
DA:53,0
DA:61,0
DA:62,0
DA:65,0
DA:73,0
DA:74,0
LF:18
LH:4
BRDA:8,0,0,2
BRDA:8,0,1,0
BRDA:48,1,0,0
BRDA:48,1,1,0
BRDA:49,2,0,0
BRDA:49,2,1,0
BRDA:51,3,0,0
BRDA:51,3,1,0
BRF:8
BRH:1
end_of_record
TN:
SF:services\external\coordinateService.js
FN:4,getCoordinatesFromPostcode
FNF:1
FNH:1
FNDA:6,getCoordinatesFromPostcode
DA:5,6
DA:6,1
DA:9,5
DA:11,5
DA:15,5
DA:17,5
DA:18,2
DA:21,3
LF:8
LH:8
BRDA:5,0,0,1
BRDA:5,0,1,5
BRDA:17,1,0,2
BRDA:17,1,1,3
BRDA:17,2,0,5
BRDA:17,2,1,4
BRDA:25,3,0,3
BRDA:25,3,1,1
BRDA:25,3,2,0
BRF:9
BRH:8
end_of_record
TN:
SF:services\external\soilService.js
FN:3,getSoilData
FNF:1
FNH:1
FNDA:3,getSoilData
DA:4,3
DA:6,3
LF:2
LH:2
BRDA:3,0,0,1
BRF:1
BRH:1
end_of_record
TN:
SF:services\external\weatherService.js
FN:3,getWeatherData
FNF:1
FNH:1
FNDA:5,getWeatherData
DA:4,5
DA:14,5
DA:21,5
DA:23,5
DA:24,1
DA:27,4
DA:28,4
DA:30,4
LF:8
LH:8
BRDA:23,0,0,1
BRDA:23,0,1,4
BRF:2
BRH:2
end_of_record
TN:
SF:services\firebase\auth.js
FN:4,registerUser
FN:36,loginUser
FN:55,logoutUser
FNF:3
FNH:3
FNDA:6,registerUser
FNDA:6,loginUser
FNDA:2,logoutUser
DA:5,6
DA:6,6
DA:11,2
DA:13,2
DA:21,2
DA:23,4
DA:25,1
DA:27,1
DA:29,1
DA:31,1
DA:37,6
DA:38,6
DA:40,5
DA:42,1
DA:44,1
DA:46,1
DA:48,1
DA:50,1
DA:56,2
DA:57,2
DA:59,1
LF:21
LH:21
BRDA:23,0,0,1
BRDA:23,0,1,1
BRDA:23,0,2,1
BRDA:23,0,3,1
BRDA:40,1,0,1
BRDA:40,1,1,1
BRDA:40,1,2,1
BRDA:40,1,3,1
BRDA:40,1,4,1
BRF:9
BRH:9
end_of_record
TN:
SF:services\firebase\firestore.js
FN:3,addFarm
FN:15,getFarmsByUser
FN:21,(anonymous_2)
FN:27,addField
FN:38,deleteField
FN:42,getFieldsByFarmIds
FN:50,(anonymous_6)
FN:56,getField
FN:65,updateField
FN:69,addObs
FN:80,deleteObs
FN:84,getObs
FN:90,(anonymous_12)
FN:96,updateObs
FN:100,addRecommendation
FN:111,getRecommendations
FN:118,(anonymous_16)
FN:122,(anonymous_17)
FN:125,getFieldRecommendations
FN:132,(anonymous_19)
FN:136,(anonymous_20)
FN:139,getItemTime
FNF:22
FNH:17
FNDA:1,addFarm
FNDA:2,getFarmsByUser
FNDA:1,(anonymous_2)
FNDA:1,addField
FNDA:1,deleteField
FNDA:2,getFieldsByFarmIds
FNDA:1,(anonymous_6)
FNDA:1,getField
FNDA:1,updateField
FNDA:1,addObs
FNDA:1,deleteObs
FNDA:2,getObs
FNDA:1,(anonymous_12)
FNDA:1,updateObs
FNDA:1,addRecommendation
FNDA:0,getRecommendations
FNDA:0,(anonymous_16)
FNDA:0,(anonymous_17)
FNDA:2,getFieldRecommendations
FNDA:1,(anonymous_19)
FNDA:0,(anonymous_20)
FNDA:0,getItemTime
DA:4,1
DA:12,1
DA:16,2
DA:21,2
DA:28,1
DA:35,1
DA:39,1
DA:43,2
DA:45,1
DA:50,1
DA:57,1
DA:59,1
DA:66,1
DA:70,1
DA:77,1
DA:81,1
DA:85,2
DA:90,2
DA:97,1
DA:101,1
DA:108,1
DA:112,0
DA:117,0
DA:118,0
DA:122,0
DA:126,2
DA:131,2
DA:132,1
DA:136,0
DA:140,0
DA:141,0
DA:144,0
DA:145,0
DA:148,0
DA:149,0
DA:152,0
LF:36
LH:24
BRDA:43,0,0,1
BRDA:43,0,1,1
BRDA:140,1,0,0
BRDA:140,1,1,0
BRDA:144,2,0,0
BRDA:144,2,1,0
BRDA:148,3,0,0
BRDA:148,3,1,0
BRF:8
BRH:2
end_of_record
TN:
SF:services\offline\networkStatus.js
FN:3,isOnline
FN:8,listenToNetworkStatus
FN:9,(anonymous_2)
FNF:3
FNH:3
FNDA:5,isOnline
FNDA:4,listenToNetworkStatus
FNDA:3,(anonymous_2)
DA:4,5
DA:5,5
DA:9,4
DA:10,3
DA:14,3
LF:5
LH:5
BRDA:5,0,0,5
BRDA:5,0,1,3
BRDA:11,1,0,3
BRDA:11,1,1,2
BRF:4
BRH:4
end_of_record
TN:
SF:services\offline\offlineStorage.js
FN:3,getStorageItem
FN:8,setStorageItem
FN:12,removeStorageItem
FNF:3
FNH:3
FNDA:11,getStorageItem
FNDA:9,setStorageItem
FNDA:1,removeStorageItem
DA:4,11
DA:5,11
DA:9,9
DA:13,1
LF:4
LH:4
BRDA:5,0,0,6
BRDA:5,0,1,5
BRF:2
BRH:2
end_of_record
TN:
SF:services\offline\syncQueue.js
FN:8,getSyncQueue
FN:13,addToSyncQueue
FN:30,removeFromSyncQueue
FN:33,(anonymous_3)
FN:38,clearSyncQueue
FNF:5
FNH:5
FNDA:8,getSyncQueue
FNDA:4,addToSyncQueue
FNDA:2,removeFromSyncQueue
FNDA:3,(anonymous_3)
FNDA:1,clearSyncQueue
DA:6,1
DA:9,8
DA:10,8
DA:14,4
DA:16,4
DA:23,4
DA:25,4
DA:27,4
DA:31,2
DA:33,3
DA:35,2
DA:39,1
LF:12
LH:12
BRDA:10,0,0,8
BRDA:10,0,1,4
BRF:2
BRH:2
end_of_record
TN:
SF:services\offline\syncService.js
FN:8,syncOfflineQueue
FNF:1
FNH:1
FNDA:12,syncOfflineQueue
DA:6,9
DA:9,12
DA:10,1
DA:17,11
DA:18,11
DA:20,11
DA:21,11
DA:23,10
DA:24,1
DA:31,9
DA:33,9
DA:34,5
DA:41,4
DA:42,5
DA:43,5
DA:44,2
DA:45,1
DA:48,4
DA:49,2
DA:50,2
DA:53,4
DA:54,1
DA:55,1
DA:58,4
DA:60,1
DA:64,4
DA:70,11
LF:27
LH:27
BRDA:9,0,0,1
BRDA:9,0,1,11
BRDA:23,1,0,1
BRDA:23,1,1,9
BRDA:33,2,0,5
BRDA:33,2,1,4
BRDA:43,3,0,2
BRDA:43,3,1,3
BRDA:48,4,0,2
BRDA:48,4,1,2
BRDA:53,5,0,1
BRDA:53,5,1,3
BRF:12
BRH:12
end_of_record
TN:
SF:utils\config.js
FNF:0
FNH:0
DA:1,1
LF:1
LH:1
BRDA:3,0,0,1
BRDA:3,0,1,1
BRDA:6,1,0,1
BRDA:6,1,1,1
BRDA:10,2,0,1
BRDA:10,2,1,1
BRDA:13,3,0,1
BRDA:13,3,1,1
BRDA:15,4,0,1
BRDA:15,4,1,1
BRDA:17,5,0,1
BRDA:17,5,1,1
BRF:12
BRH:12
end_of_record
TN:
SF:utils\helpers.js
FN:1,cleanPostcode
FN:5,isValidPostcode
FN:9,formatUnknown
FNF:3
FNH:2
FNDA:5,cleanPostcode
FNDA:6,isValidPostcode
FNDA:0,formatUnknown
DA:2,5
DA:6,6
DA:10,0
DA:11,0
DA:14,0
LF:5
LH:2
BRDA:6,0,0,6
BRDA:6,0,1,6
BRDA:10,1,0,0
BRDA:10,1,1,0
BRDA:10,2,0,0
BRDA:10,2,1,0
BRDA:10,2,2,0
BRF:7
BRH:2
end_of_record
